2024-09-14T20:51:18.021+09:00  INFO 14540 --- [YedamApplication] [restartedMain] com.yedam.app.Boot01Application          : Starting Boot01Application using Java 17.0.9 with PID 14540 (C:\Users\Administrator\git\spring-study\boot01\target\classes started by Administrator in C:\Users\Administrator\git\spring-study\boot01)
2024-09-14T20:51:18.023+09:00  INFO 14540 --- [YedamApplication] [restartedMain] com.yedam.app.Boot01Application          : No active profile set, falling back to 1 default profile: "default"
2024-09-14T20:51:18.209+09:00  INFO 14540 --- [YedamApplication] [restartedMain] o.s.b.devtools.restart.ChangeableUrls    : The Class-Path manifest attribute in C:\Users\Administrator\.m2\repository\com\oracle\database\jdbc\ojdbc11\21.9.0.0\ojdbc11-21.9.0.0.jar referenced one or more files that do not exist: file:/C:/Users/Administrator/.m2/repository/com/oracle/database/jdbc/ojdbc11/21.9.0.0/oraclepki.jar
2024-09-14T20:51:18.210+09:00  INFO 14540 --- [YedamApplication] [restartedMain] .e.DevToolsPropertyDefaultsPostProcessor : Devtools property defaults active! Set 'spring.devtools.add-properties' to 'false' to disable
2024-09-14T20:51:18.210+09:00  INFO 14540 --- [YedamApplication] [restartedMain] .e.DevToolsPropertyDefaultsPostProcessor : For additional web related logging consider setting the 'logging.level.web' property to 'DEBUG'
2024-09-14T20:51:18.923+09:00  INFO 14540 --- [YedamApplication] [restartedMain] .s.d.r.c.RepositoryConfigurationDelegate : Bootstrapping Spring Data JDBC repositories in DEFAULT mode.
2024-09-14T20:51:18.939+09:00  INFO 14540 --- [YedamApplication] [restartedMain] .s.d.r.c.RepositoryConfigurationDelegate : Finished Spring Data repository scanning in 13 ms. Found 0 JDBC repository interfaces.
2024-09-14T20:51:19.505+09:00  INFO 14540 --- [YedamApplication] [restartedMain] o.s.b.w.embedded.tomcat.TomcatWebServer  : Tomcat initialized with port 80 (http)
2024-09-14T20:51:19.515+09:00  INFO 14540 --- [YedamApplication] [restartedMain] o.apache.catalina.core.StandardService   : Starting service [Tomcat]
2024-09-14T20:51:19.515+09:00  INFO 14540 --- [YedamApplication] [restartedMain] o.apache.catalina.core.StandardEngine    : Starting Servlet engine: [Apache Tomcat/10.1.28]
2024-09-14T20:51:19.559+09:00  INFO 14540 --- [YedamApplication] [restartedMain] o.a.c.c.C.[Tomcat].[localhost].[/]       : Initializing Spring embedded WebApplicationContext
2024-09-14T20:51:19.559+09:00  INFO 14540 --- [YedamApplication] [restartedMain] w.s.c.ServletWebServerApplicationContext : Root WebApplicationContext: initialization completed in 1349 ms
2024-09-14T20:51:19.704+09:00  WARN 14540 --- [YedamApplication] [restartedMain] o.a.c.c.C.[Tomcat].[localhost].[/]       : Cannot deserialize session attribute [SPRING_SECURITY_CONTEXT] for session [A3C6DD38A4425315C22299252C028C27]
2024-09-14T20:51:20.418+09:00  INFO 14540 --- [YedamApplication] [restartedMain] o.s.b.a.e.web.EndpointLinksResolver      : Exposing 14 endpoint(s) beneath base path '/actuator'
2024-09-14T20:51:20.479+09:00  INFO 14540 --- [YedamApplication] [restartedMain] o.s.s.web.DefaultSecurityFilterChain     : Will secure any request with [org.springframework.security.web.session.DisableEncodeUrlFilter@6d710f8, org.springframework.security.web.context.request.async.WebAsyncManagerIntegrationFilter@28593892, org.springframework.security.web.context.SecurityContextHolderFilter@28515a28, org.springframework.security.web.header.HeaderWriterFilter@69ff27ab, org.springframework.security.web.authentication.logout.LogoutFilter@25b2d697, org.springframework.security.web.authentication.UsernamePasswordAuthenticationFilter@2a783d4c, org.springframework.security.web.authentication.ui.DefaultLoginPageGeneratingFilter@626e12c, org.springframework.security.web.authentication.ui.DefaultLogoutPageGeneratingFilter@23d39717, org.springframework.security.web.savedrequest.RequestCacheAwareFilter@6cff0417, org.springframework.security.web.servletapi.SecurityContextHolderAwareRequestFilter@7c2ba875, org.springframework.security.web.authentication.AnonymousAuthenticationFilter@4250de34, org.springframework.security.web.access.ExceptionTranslationFilter@6b27212e, org.springframework.security.web.access.intercept.AuthorizationFilter@48e4d44d]
2024-09-14T20:51:21.088+09:00  INFO 14540 --- [YedamApplication] [restartedMain] com.zaxxer.hikari.HikariDataSource       : HikariPool-1 - Starting...
2024-09-14T20:51:21.226+09:00  INFO 14540 --- [YedamApplication] [restartedMain] com.zaxxer.hikari.pool.HikariPool        : HikariPool-1 - Added connection oracle.jdbc.driver.T4CConnection@5b44cf00
2024-09-14T20:51:21.227+09:00  INFO 14540 --- [YedamApplication] [restartedMain] com.zaxxer.hikari.HikariDataSource       : HikariPool-1 - Start completed.
2024-09-14T20:51:21.360+09:00  INFO 14540 --- [YedamApplication] [restartedMain] o.s.b.d.a.OptionalLiveReloadServer       : LiveReload server is running on port 35729
2024-09-14T20:51:21.588+09:00  INFO 14540 --- [YedamApplication] [restartedMain] o.s.b.w.embedded.tomcat.TomcatWebServer  : Tomcat started on port 80 (http) with context path ''
2024-09-14T20:51:21.602+09:00  INFO 14540 --- [YedamApplication] [restartedMain] com.yedam.app.Boot01Application          : Started Boot01Application in 3.898 seconds (process running for 4.409)
2024-09-14T20:51:21.692+09:00  INFO 14540 --- [YedamApplication] [http-nio-80-exec-1] o.a.c.c.C.[Tomcat].[localhost].[/]       : Initializing Spring DispatcherServlet 'dispatcherServlet'
2024-09-14T20:51:21.692+09:00  INFO 14540 --- [YedamApplication] [http-nio-80-exec-1] o.s.web.servlet.DispatcherServlet        : Initializing Servlet 'dispatcherServlet'
2024-09-14T20:51:21.693+09:00  INFO 14540 --- [YedamApplication] [http-nio-80-exec-1] o.s.web.servlet.DispatcherServlet        : Completed initialization in 1 ms
2024-09-14T20:51:21.910+09:00  INFO 14540 --- [YedamApplication] [registrationTask1] d.c.b.a.c.r.ApplicationRegistrator       : Application registered itself as 2dcc9ea3d8f0
2024-09-14T20:51:39.994+09:00  INFO 14540 --- [YedamApplication] [http-nio-80-exec-8] com.yedam.app.aop.config.CommonAspect    : Starting loadUserByUsername in CustomerUserDetailsService
2024-09-14T20:51:40.106+09:00  INFO 14540 --- [YedamApplication] [http-nio-80-exec-8] com.yedam.app.aop.config.CommonAspect    : Finished loadUserByUsername in CustomerUserDetailsService (112ms)
2024-09-14T20:51:40.199+09:00  INFO 14540 --- [YedamApplication] [http-nio-80-exec-7] com.yedam.app.aop.config.CommonAspect    : Starting getLog in LogServiceImpl
2024-09-14T20:51:40.200+09:00  INFO 14540 --- [YedamApplication] [http-nio-80-exec-7] com.yedam.app.aop.config.CommonAspect    : Finished getLog in LogServiceImpl (1ms)
2024-09-14T20:54:07.084+09:00  INFO 14540 --- [YedamApplication] [http-nio-80-exec-6] com.yedam.app.aop.config.CommonAspect    : Starting getLog in LogServiceImpl
2024-09-14T20:54:07.085+09:00  INFO 14540 --- [YedamApplication] [http-nio-80-exec-6] com.yedam.app.aop.config.CommonAspect    : Finished getLog in LogServiceImpl (1ms)
2024-09-14T20:54:40.469+09:00  INFO 14540 --- [YedamApplication] [http-nio-80-exec-2] com.yedam.app.aop.config.CommonAspect    : Starting deptList in DeptServiceImpl
2024-09-14T20:54:40.473+09:00  INFO 14540 --- [YedamApplication] [http-nio-80-exec-2] com.yedam.app.aop.config.CommonAspect    : Finished deptList in DeptServiceImpl (4ms)
2024-09-14T20:54:41.530+09:00  INFO 14540 --- [YedamApplication] [http-nio-80-exec-9] com.yedam.app.aop.config.CommonAspect    : Starting getLog in LogServiceImpl
2024-09-14T20:54:41.532+09:00  INFO 14540 --- [YedamApplication] [http-nio-80-exec-9] com.yedam.app.aop.config.CommonAspect    : Finished getLog in LogServiceImpl (0ms)
2024-09-14T20:55:02.226+09:00  INFO 14540 --- [YedamApplication] [http-nio-80-exec-10] com.yedam.app.aop.config.CommonAspect    : Starting getLog in LogServiceImpl
2024-09-14T20:55:02.227+09:00  INFO 14540 --- [YedamApplication] [http-nio-80-exec-10] com.yedam.app.aop.config.CommonAspect    : Finished getLog in LogServiceImpl (1ms)
2024-09-14T20:55:06.123+09:00  INFO 14540 --- [YedamApplication] [http-nio-80-exec-2] com.yedam.app.aop.config.CommonAspect    : Starting deptList in DeptServiceImpl
2024-09-14T20:55:06.127+09:00  INFO 14540 --- [YedamApplication] [http-nio-80-exec-2] com.yedam.app.aop.config.CommonAspect    : Finished deptList in DeptServiceImpl (4ms)
2024-09-14T20:55:07.109+09:00  INFO 14540 --- [YedamApplication] [http-nio-80-exec-1] com.yedam.app.aop.config.CommonAspect    : Starting getLog in LogServiceImpl
2024-09-14T20:55:07.109+09:00  INFO 14540 --- [YedamApplication] [http-nio-80-exec-1] com.yedam.app.aop.config.CommonAspect    : Finished getLog in LogServiceImpl (0ms)
2024-09-14T20:58:42.440+09:00  INFO 14540 --- [YedamApplication] [File Watcher] rtingClassPathChangeChangedEventListener : Restarting due to 1 class path change (0 additions, 0 deletions, 1 modification)
2024-09-14T20:58:42.557+09:00  INFO 14540 --- [YedamApplication] [Thread-8] com.zaxxer.hikari.HikariDataSource       : HikariPool-1 - Shutdown initiated...
2024-09-14T20:58:42.562+09:00  INFO 14540 --- [YedamApplication] [Thread-8] com.zaxxer.hikari.HikariDataSource       : HikariPool-1 - Shutdown completed.
2024-09-14T20:58:42.638+09:00  INFO 14540 --- [YedamApplication] [restartedMain] com.yedam.app.Boot01Application          : Starting Boot01Application using Java 17.0.9 with PID 14540 (C:\Users\Administrator\git\spring-study\boot01\target\classes started by Administrator in C:\Users\Administrator\git\spring-study\boot01)
2024-09-14T20:58:42.638+09:00  INFO 14540 --- [YedamApplication] [restartedMain] com.yedam.app.Boot01Application          : No active profile set, falling back to 1 default profile: "default"
2024-09-14T20:58:42.880+09:00  INFO 14540 --- [YedamApplication] [restartedMain] .s.d.r.c.RepositoryConfigurationDelegate : Bootstrapping Spring Data JDBC repositories in DEFAULT mode.
2024-09-14T20:58:42.885+09:00  INFO 14540 --- [YedamApplication] [restartedMain] .s.d.r.c.RepositoryConfigurationDelegate : Finished Spring Data repository scanning in 4 ms. Found 0 JDBC repository interfaces.
2024-09-14T20:58:42.980+09:00  INFO 14540 --- [YedamApplication] [restartedMain] o.s.b.w.embedded.tomcat.TomcatWebServer  : Tomcat initialized with port 80 (http)
2024-09-14T20:58:42.981+09:00  INFO 14540 --- [YedamApplication] [restartedMain] o.apache.catalina.core.StandardService   : Starting service [Tomcat]
2024-09-14T20:58:42.981+09:00  INFO 14540 --- [YedamApplication] [restartedMain] o.apache.catalina.core.StandardEngine    : Starting Servlet engine: [Apache Tomcat/10.1.28]
2024-09-14T20:58:42.995+09:00  INFO 14540 --- [YedamApplication] [restartedMain] o.a.c.c.C.[Tomcat].[localhost].[/]       : Initializing Spring embedded WebApplicationContext
2024-09-14T20:58:42.995+09:00  INFO 14540 --- [YedamApplication] [restartedMain] w.s.c.ServletWebServerApplicationContext : Root WebApplicationContext: initialization completed in 356 ms
2024-09-14T20:58:43.055+09:00  WARN 14540 --- [YedamApplication] [restartedMain] o.a.c.c.C.[Tomcat].[localhost].[/]       : Cannot deserialize session attribute [SPRING_SECURITY_CONTEXT] for session [E0E54A334D952388D7EF76A703496C02]
2024-09-14T20:58:43.313+09:00  INFO 14540 --- [YedamApplication] [restartedMain] o.s.b.a.e.web.EndpointLinksResolver      : Exposing 14 endpoint(s) beneath base path '/actuator'
2024-09-14T20:58:43.337+09:00  INFO 14540 --- [YedamApplication] [restartedMain] o.s.s.web.DefaultSecurityFilterChain     : Will secure any request with [org.springframework.security.web.session.DisableEncodeUrlFilter@a8f73e0, org.springframework.security.web.context.request.async.WebAsyncManagerIntegrationFilter@65571b92, org.springframework.security.web.context.SecurityContextHolderFilter@11eff1e5, org.springframework.security.web.header.HeaderWriterFilter@2aefac21, org.springframework.security.web.authentication.logout.LogoutFilter@28828031, org.springframework.security.web.authentication.UsernamePasswordAuthenticationFilter@4d993792, org.springframework.security.web.authentication.ui.DefaultLoginPageGeneratingFilter@2830cdbf, org.springframework.security.web.authentication.ui.DefaultLogoutPageGeneratingFilter@6624845b, org.springframework.security.web.savedrequest.RequestCacheAwareFilter@6e4b82b1, org.springframework.security.web.servletapi.SecurityContextHolderAwareRequestFilter@3e0f2f77, org.springframework.security.web.authentication.AnonymousAuthenticationFilter@6dafa10e, org.springframework.security.web.access.ExceptionTranslationFilter@573e6425, org.springframework.security.web.access.intercept.AuthorizationFilter@55a09e54]
2024-09-14T20:58:43.540+09:00  INFO 14540 --- [YedamApplication] [restartedMain] com.zaxxer.hikari.HikariDataSource       : HikariPool-2 - Starting...
2024-09-14T20:58:43.551+09:00  INFO 14540 --- [YedamApplication] [restartedMain] com.zaxxer.hikari.pool.HikariPool        : HikariPool-2 - Added connection oracle.jdbc.driver.T4CConnection@7a498e87
2024-09-14T20:58:43.552+09:00  INFO 14540 --- [YedamApplication] [restartedMain] com.zaxxer.hikari.HikariDataSource       : HikariPool-2 - Start completed.
2024-09-14T20:58:43.589+09:00  INFO 14540 --- [YedamApplication] [restartedMain] o.s.b.d.a.OptionalLiveReloadServer       : LiveReload server is running on port 35729
2024-09-14T20:58:43.613+09:00  INFO 14540 --- [YedamApplication] [restartedMain] o.s.b.w.embedded.tomcat.TomcatWebServer  : Tomcat started on port 80 (http) with context path ''
2024-09-14T20:58:43.622+09:00  INFO 14540 --- [YedamApplication] [restartedMain] com.yedam.app.Boot01Application          : Started Boot01Application in 1.002 seconds (process running for 446.429)
2024-09-14T20:58:43.625+09:00  INFO 14540 --- [YedamApplication] [restartedMain] .ConditionEvaluationDeltaLoggingListener : Condition evaluation unchanged
2024-09-14T20:58:43.628+09:00  INFO 14540 --- [YedamApplication] [http-nio-80-exec-1] o.a.c.c.C.[Tomcat].[localhost].[/]       : Initializing Spring DispatcherServlet 'dispatcherServlet'
2024-09-14T20:58:43.628+09:00  INFO 14540 --- [YedamApplication] [http-nio-80-exec-1] o.s.web.servlet.DispatcherServlet        : Initializing Servlet 'dispatcherServlet'
2024-09-14T20:58:43.629+09:00  INFO 14540 --- [YedamApplication] [http-nio-80-exec-1] o.s.web.servlet.DispatcherServlet        : Completed initialization in 1 ms
2024-09-14T20:58:43.638+09:00  INFO 14540 --- [YedamApplication] [registrationTask1] d.c.b.a.c.r.ApplicationRegistrator       : Application registered itself as 2dcc9ea3d8f0
2024-09-14T20:58:54.161+09:00  INFO 14540 --- [YedamApplication] [File Watcher] rtingClassPathChangeChangedEventListener : Restarting due to 1 class path change (0 additions, 0 deletions, 1 modification)
2024-09-14T20:58:54.264+09:00  INFO 14540 --- [YedamApplication] [Thread-54] com.zaxxer.hikari.HikariDataSource       : HikariPool-2 - Shutdown initiated...
2024-09-14T20:58:54.266+09:00  INFO 14540 --- [YedamApplication] [Thread-54] com.zaxxer.hikari.HikariDataSource       : HikariPool-2 - Shutdown completed.
2024-09-14T20:58:54.367+09:00  INFO 14540 --- [YedamApplication] [restartedMain] com.yedam.app.Boot01Application          : Starting Boot01Application using Java 17.0.9 with PID 14540 (C:\Users\Administrator\git\spring-study\boot01\target\classes started by Administrator in C:\Users\Administrator\git\spring-study\boot01)
2024-09-14T20:58:54.367+09:00  INFO 14540 --- [YedamApplication] [restartedMain] com.yedam.app.Boot01Application          : No active profile set, falling back to 1 default profile: "default"
2024-09-14T20:58:54.576+09:00  INFO 14540 --- [YedamApplication] [restartedMain] .s.d.r.c.RepositoryConfigurationDelegate : Bootstrapping Spring Data JDBC repositories in DEFAULT mode.
2024-09-14T20:58:54.580+09:00  INFO 14540 --- [YedamApplication] [restartedMain] .s.d.r.c.RepositoryConfigurationDelegate : Finished Spring Data repository scanning in 3 ms. Found 0 JDBC repository interfaces.
2024-09-14T20:58:54.676+09:00  INFO 14540 --- [YedamApplication] [restartedMain] o.s.b.w.embedded.tomcat.TomcatWebServer  : Tomcat initialized with port 80 (http)
2024-09-14T20:58:54.676+09:00  INFO 14540 --- [YedamApplication] [restartedMain] o.apache.catalina.core.StandardService   : Starting service [Tomcat]
2024-09-14T20:58:54.677+09:00  INFO 14540 --- [YedamApplication] [restartedMain] o.apache.catalina.core.StandardEngine    : Starting Servlet engine: [Apache Tomcat/10.1.28]
2024-09-14T20:58:54.690+09:00  INFO 14540 --- [YedamApplication] [restartedMain] o.a.c.c.C.[Tomcat].[localhost].[/]       : Initializing Spring embedded WebApplicationContext
2024-09-14T20:58:54.690+09:00  INFO 14540 --- [YedamApplication] [restartedMain] w.s.c.ServletWebServerApplicationContext : Root WebApplicationContext: initialization completed in 322 ms
2024-09-14T20:58:54.975+09:00  INFO 14540 --- [YedamApplication] [restartedMain] o.s.b.a.e.web.EndpointLinksResolver      : Exposing 14 endpoint(s) beneath base path '/actuator'
2024-09-14T20:58:55.003+09:00  INFO 14540 --- [YedamApplication] [restartedMain] o.s.s.web.DefaultSecurityFilterChain     : Will secure any request with [org.springframework.security.web.session.DisableEncodeUrlFilter@2d354538, org.springframework.security.web.context.request.async.WebAsyncManagerIntegrationFilter@57cd0042, org.springframework.security.web.context.SecurityContextHolderFilter@62283453, org.springframework.security.web.header.HeaderWriterFilter@1a189b3b, org.springframework.security.web.authentication.logout.LogoutFilter@a9d836e, org.springframework.security.web.authentication.UsernamePasswordAuthenticationFilter@3a9a993e, org.springframework.security.web.authentication.ui.DefaultLoginPageGeneratingFilter@49ef5d62, org.springframework.security.web.authentication.ui.DefaultLogoutPageGeneratingFilter@7fdcdf56, org.springframework.security.web.savedrequest.RequestCacheAwareFilter@46553e2f, org.springframework.security.web.servletapi.SecurityContextHolderAwareRequestFilter@23724fd, org.springframework.security.web.authentication.AnonymousAuthenticationFilter@50420b72, org.springframework.security.web.access.ExceptionTranslationFilter@5c2a5fe9, org.springframework.security.web.access.intercept.AuthorizationFilter@179cdb5c]
2024-09-14T20:58:55.188+09:00  INFO 14540 --- [YedamApplication] [restartedMain] com.zaxxer.hikari.HikariDataSource       : HikariPool-3 - Starting...
2024-09-14T20:58:55.198+09:00  INFO 14540 --- [YedamApplication] [restartedMain] com.zaxxer.hikari.pool.HikariPool        : HikariPool-3 - Added connection oracle.jdbc.driver.T4CConnection@280e9c2b
2024-09-14T20:58:55.200+09:00  INFO 14540 --- [YedamApplication] [restartedMain] com.zaxxer.hikari.HikariDataSource       : HikariPool-3 - Start completed.
2024-09-14T20:58:55.234+09:00  INFO 14540 --- [YedamApplication] [restartedMain] o.s.b.d.a.OptionalLiveReloadServer       : LiveReload server is running on port 35729
2024-09-14T20:58:55.258+09:00  INFO 14540 --- [YedamApplication] [restartedMain] o.s.b.w.embedded.tomcat.TomcatWebServer  : Tomcat started on port 80 (http) with context path ''
2024-09-14T20:58:55.266+09:00  INFO 14540 --- [YedamApplication] [restartedMain] com.yedam.app.Boot01Application          : Started Boot01Application in 0.915 seconds (process running for 458.073)
2024-09-14T20:58:55.267+09:00  INFO 14540 --- [YedamApplication] [restartedMain] .ConditionEvaluationDeltaLoggingListener : Condition evaluation unchanged
2024-09-14T20:58:55.271+09:00  INFO 14540 --- [YedamApplication] [http-nio-80-exec-1] o.a.c.c.C.[Tomcat].[localhost].[/]       : Initializing Spring DispatcherServlet 'dispatcherServlet'
2024-09-14T20:58:55.271+09:00  INFO 14540 --- [YedamApplication] [http-nio-80-exec-1] o.s.web.servlet.DispatcherServlet        : Initializing Servlet 'dispatcherServlet'
2024-09-14T20:58:55.273+09:00  INFO 14540 --- [YedamApplication] [http-nio-80-exec-1] o.s.web.servlet.DispatcherServlet        : Completed initialization in 2 ms
2024-09-14T20:58:55.278+09:00  INFO 14540 --- [YedamApplication] [registrationTask1] d.c.b.a.c.r.ApplicationRegistrator       : Application registered itself as 2dcc9ea3d8f0
2024-09-14T20:59:53.715+09:00  INFO 14540 --- [YedamApplication] [File Watcher] rtingClassPathChangeChangedEventListener : Restarting due to 1 class path change (0 additions, 0 deletions, 1 modification)
2024-09-14T20:59:53.817+09:00  INFO 14540 --- [YedamApplication] [Thread-76] com.zaxxer.hikari.HikariDataSource       : HikariPool-3 - Shutdown initiated...
2024-09-14T20:59:53.819+09:00  INFO 14540 --- [YedamApplication] [Thread-76] com.zaxxer.hikari.HikariDataSource       : HikariPool-3 - Shutdown completed.
2024-09-14T20:59:53.900+09:00  INFO 14540 --- [YedamApplication] [restartedMain] com.yedam.app.Boot01Application          : Starting Boot01Application using Java 17.0.9 with PID 14540 (C:\Users\Administrator\git\spring-study\boot01\target\classes started by Administrator in C:\Users\Administrator\git\spring-study\boot01)
2024-09-14T20:59:53.900+09:00  INFO 14540 --- [YedamApplication] [restartedMain] com.yedam.app.Boot01Application          : No active profile set, falling back to 1 default profile: "default"
2024-09-14T20:59:54.114+09:00  INFO 14540 --- [YedamApplication] [restartedMain] .s.d.r.c.RepositoryConfigurationDelegate : Bootstrapping Spring Data JDBC repositories in DEFAULT mode.
2024-09-14T20:59:54.117+09:00  INFO 14540 --- [YedamApplication] [restartedMain] .s.d.r.c.RepositoryConfigurationDelegate : Finished Spring Data repository scanning in 3 ms. Found 0 JDBC repository interfaces.
2024-09-14T20:59:54.206+09:00  INFO 14540 --- [YedamApplication] [restartedMain] o.s.b.w.embedded.tomcat.TomcatWebServer  : Tomcat initialized with port 80 (http)
2024-09-14T20:59:54.206+09:00  INFO 14540 --- [YedamApplication] [restartedMain] o.apache.catalina.core.StandardService   : Starting service [Tomcat]
2024-09-14T20:59:54.206+09:00  INFO 14540 --- [YedamApplication] [restartedMain] o.apache.catalina.core.StandardEngine    : Starting Servlet engine: [Apache Tomcat/10.1.28]
2024-09-14T20:59:54.218+09:00  INFO 14540 --- [YedamApplication] [restartedMain] o.a.c.c.C.[Tomcat].[localhost].[/]       : Initializing Spring embedded WebApplicationContext
2024-09-14T20:59:54.218+09:00  INFO 14540 --- [YedamApplication] [restartedMain] w.s.c.ServletWebServerApplicationContext : Root WebApplicationContext: initialization completed in 317 ms
2024-09-14T20:59:54.504+09:00  INFO 14540 --- [YedamApplication] [restartedMain] o.s.b.a.e.web.EndpointLinksResolver      : Exposing 14 endpoint(s) beneath base path '/actuator'
2024-09-14T20:59:54.528+09:00  INFO 14540 --- [YedamApplication] [restartedMain] o.s.s.web.DefaultSecurityFilterChain     : Will secure any request with [org.springframework.security.web.session.DisableEncodeUrlFilter@14a9e0b9, org.springframework.security.web.context.request.async.WebAsyncManagerIntegrationFilter@3b25628, org.springframework.security.web.context.SecurityContextHolderFilter@f666676, org.springframework.security.web.header.HeaderWriterFilter@293c037, org.springframework.security.web.authentication.logout.LogoutFilter@405d3af1, org.springframework.security.web.authentication.UsernamePasswordAuthenticationFilter@28447a60, org.springframework.security.web.authentication.ui.DefaultLoginPageGeneratingFilter@61562c96, org.springframework.security.web.authentication.ui.DefaultLogoutPageGeneratingFilter@7c20f931, org.springframework.security.web.savedrequest.RequestCacheAwareFilter@307b2b50, org.springframework.security.web.servletapi.SecurityContextHolderAwareRequestFilter@3d69fe1e, org.springframework.security.web.authentication.AnonymousAuthenticationFilter@6f342581, org.springframework.security.web.access.ExceptionTranslationFilter@7b264f0d, org.springframework.security.web.access.intercept.AuthorizationFilter@177def74]
2024-09-14T20:59:54.721+09:00  INFO 14540 --- [YedamApplication] [restartedMain] com.zaxxer.hikari.HikariDataSource       : HikariPool-4 - Starting...
2024-09-14T20:59:54.732+09:00  INFO 14540 --- [YedamApplication] [restartedMain] com.zaxxer.hikari.pool.HikariPool        : HikariPool-4 - Added connection oracle.jdbc.driver.T4CConnection@5150aad7
2024-09-14T20:59:54.732+09:00  INFO 14540 --- [YedamApplication] [restartedMain] com.zaxxer.hikari.HikariDataSource       : HikariPool-4 - Start completed.
2024-09-14T20:59:54.767+09:00  INFO 14540 --- [YedamApplication] [restartedMain] o.s.b.d.a.OptionalLiveReloadServer       : LiveReload server is running on port 35729
2024-09-14T20:59:54.789+09:00  INFO 14540 --- [YedamApplication] [restartedMain] o.s.b.w.embedded.tomcat.TomcatWebServer  : Tomcat started on port 80 (http) with context path ''
2024-09-14T20:59:54.797+09:00  INFO 14540 --- [YedamApplication] [restartedMain] com.yedam.app.Boot01Application          : Started Boot01Application in 0.912 seconds (process running for 517.604)
2024-09-14T20:59:54.800+09:00  INFO 14540 --- [YedamApplication] [restartedMain] .ConditionEvaluationDeltaLoggingListener : Condition evaluation unchanged
2024-09-14T20:59:54.802+09:00  INFO 14540 --- [YedamApplication] [http-nio-80-exec-1] o.a.c.c.C.[Tomcat].[localhost].[/]       : Initializing Spring DispatcherServlet 'dispatcherServlet'
2024-09-14T20:59:54.802+09:00  INFO 14540 --- [YedamApplication] [http-nio-80-exec-1] o.s.web.servlet.DispatcherServlet        : Initializing Servlet 'dispatcherServlet'
2024-09-14T20:59:54.803+09:00  INFO 14540 --- [YedamApplication] [http-nio-80-exec-1] o.s.web.servlet.DispatcherServlet        : Completed initialization in 1 ms
2024-09-14T20:59:54.810+09:00  INFO 14540 --- [YedamApplication] [registrationTask1] d.c.b.a.c.r.ApplicationRegistrator       : Application registered itself as 2dcc9ea3d8f0
2024-09-14T21:00:01.284+09:00  INFO 14540 --- [YedamApplication] [File Watcher] rtingClassPathChangeChangedEventListener : Restarting due to 3 class path changes (0 additions, 0 deletions, 3 modifications)
2024-09-14T21:00:01.402+09:00  INFO 14540 --- [YedamApplication] [Thread-100] com.zaxxer.hikari.HikariDataSource       : HikariPool-4 - Shutdown initiated...
2024-09-14T21:00:01.405+09:00  INFO 14540 --- [YedamApplication] [Thread-100] com.zaxxer.hikari.HikariDataSource       : HikariPool-4 - Shutdown completed.
2024-09-14T21:00:01.495+09:00  INFO 14540 --- [YedamApplication] [restartedMain] com.yedam.app.Boot01Application          : Starting Boot01Application using Java 17.0.9 with PID 14540 (C:\Users\Administrator\git\spring-study\boot01\target\classes started by Administrator in C:\Users\Administrator\git\spring-study\boot01)
2024-09-14T21:00:01.495+09:00  INFO 14540 --- [YedamApplication] [restartedMain] com.yedam.app.Boot01Application          : No active profile set, falling back to 1 default profile: "default"
2024-09-14T21:00:01.725+09:00  INFO 14540 --- [YedamApplication] [restartedMain] .s.d.r.c.RepositoryConfigurationDelegate : Bootstrapping Spring Data JDBC repositories in DEFAULT mode.
2024-09-14T21:00:01.729+09:00  INFO 14540 --- [YedamApplication] [restartedMain] .s.d.r.c.RepositoryConfigurationDelegate : Finished Spring Data repository scanning in 3 ms. Found 0 JDBC repository interfaces.
2024-09-14T21:00:01.822+09:00  INFO 14540 --- [YedamApplication] [restartedMain] o.s.b.w.embedded.tomcat.TomcatWebServer  : Tomcat initialized with port 80 (http)
2024-09-14T21:00:01.822+09:00  INFO 14540 --- [YedamApplication] [restartedMain] o.apache.catalina.core.StandardService   : Starting service [Tomcat]
2024-09-14T21:00:01.823+09:00  INFO 14540 --- [YedamApplication] [restartedMain] o.apache.catalina.core.StandardEngine    : Starting Servlet engine: [Apache Tomcat/10.1.28]
2024-09-14T21:00:01.835+09:00  INFO 14540 --- [YedamApplication] [restartedMain] o.a.c.c.C.[Tomcat].[localhost].[/]       : Initializing Spring embedded WebApplicationContext
2024-09-14T21:00:01.835+09:00  INFO 14540 --- [YedamApplication] [restartedMain] w.s.c.ServletWebServerApplicationContext : Root WebApplicationContext: initialization completed in 339 ms
2024-09-14T21:00:02.119+09:00  INFO 14540 --- [YedamApplication] [restartedMain] o.s.b.a.e.web.EndpointLinksResolver      : Exposing 14 endpoint(s) beneath base path '/actuator'
2024-09-14T21:00:02.145+09:00  INFO 14540 --- [YedamApplication] [restartedMain] o.s.s.web.DefaultSecurityFilterChain     : Will secure any request with [org.springframework.security.web.session.DisableEncodeUrlFilter@71bd9207, org.springframework.security.web.context.request.async.WebAsyncManagerIntegrationFilter@661ac1, org.springframework.security.web.context.SecurityContextHolderFilter@4c3ae5a4, org.springframework.security.web.header.HeaderWriterFilter@3f323f4c, org.springframework.security.web.authentication.logout.LogoutFilter@4e901de4, org.springframework.security.web.authentication.UsernamePasswordAuthenticationFilter@679b6395, org.springframework.security.web.authentication.ui.DefaultLoginPageGeneratingFilter@a69ba6c, org.springframework.security.web.authentication.ui.DefaultLogoutPageGeneratingFilter@4237efac, org.springframework.security.web.savedrequest.RequestCacheAwareFilter@4a228ed4, org.springframework.security.web.servletapi.SecurityContextHolderAwareRequestFilter@9dfced5, org.springframework.security.web.authentication.AnonymousAuthenticationFilter@6681c41e, org.springframework.security.web.access.ExceptionTranslationFilter@5d03e13, org.springframework.security.web.access.intercept.AuthorizationFilter@68ea5048]
2024-09-14T21:00:02.340+09:00  INFO 14540 --- [YedamApplication] [restartedMain] com.zaxxer.hikari.HikariDataSource       : HikariPool-5 - Starting...
2024-09-14T21:00:02.350+09:00  INFO 14540 --- [YedamApplication] [restartedMain] com.zaxxer.hikari.pool.HikariPool        : HikariPool-5 - Added connection oracle.jdbc.driver.T4CConnection@58b88723
2024-09-14T21:00:02.350+09:00  INFO 14540 --- [YedamApplication] [restartedMain] com.zaxxer.hikari.HikariDataSource       : HikariPool-5 - Start completed.
2024-09-14T21:00:02.385+09:00  INFO 14540 --- [YedamApplication] [restartedMain] o.s.b.d.a.OptionalLiveReloadServer       : LiveReload server is running on port 35729
2024-09-14T21:00:02.407+09:00  INFO 14540 --- [YedamApplication] [restartedMain] o.s.b.w.embedded.tomcat.TomcatWebServer  : Tomcat started on port 80 (http) with context path ''
2024-09-14T21:00:02.415+09:00  INFO 14540 --- [YedamApplication] [restartedMain] com.yedam.app.Boot01Application          : Started Boot01Application in 0.935 seconds (process running for 525.222)
2024-09-14T21:00:02.417+09:00  INFO 14540 --- [YedamApplication] [restartedMain] .ConditionEvaluationDeltaLoggingListener : Condition evaluation unchanged
2024-09-14T21:00:02.419+09:00  INFO 14540 --- [YedamApplication] [http-nio-80-exec-1] o.a.c.c.C.[Tomcat].[localhost].[/]       : Initializing Spring DispatcherServlet 'dispatcherServlet'
2024-09-14T21:00:02.419+09:00  INFO 14540 --- [YedamApplication] [http-nio-80-exec-1] o.s.web.servlet.DispatcherServlet        : Initializing Servlet 'dispatcherServlet'
2024-09-14T21:00:02.420+09:00  INFO 14540 --- [YedamApplication] [http-nio-80-exec-1] o.s.web.servlet.DispatcherServlet        : Completed initialization in 0 ms
2024-09-14T21:00:02.427+09:00  INFO 14540 --- [YedamApplication] [registrationTask1] d.c.b.a.c.r.ApplicationRegistrator       : Application registered itself as 2dcc9ea3d8f0
2024-09-14T21:00:13.973+09:00  INFO 14540 --- [YedamApplication] [File Watcher] rtingClassPathChangeChangedEventListener : Restarting due to 1 class path change (0 additions, 0 deletions, 1 modification)
2024-09-14T21:00:14.077+09:00  INFO 14540 --- [YedamApplication] [Thread-122] com.zaxxer.hikari.HikariDataSource       : HikariPool-5 - Shutdown initiated...
2024-09-14T21:00:14.080+09:00  INFO 14540 --- [YedamApplication] [Thread-122] com.zaxxer.hikari.HikariDataSource       : HikariPool-5 - Shutdown completed.
2024-09-14T21:00:14.172+09:00  INFO 14540 --- [YedamApplication] [restartedMain] com.yedam.app.Boot01Application          : Starting Boot01Application using Java 17.0.9 with PID 14540 (C:\Users\Administrator\git\spring-study\boot01\target\classes started by Administrator in C:\Users\Administrator\git\spring-study\boot01)
2024-09-14T21:00:14.172+09:00  INFO 14540 --- [YedamApplication] [restartedMain] com.yedam.app.Boot01Application          : No active profile set, falling back to 1 default profile: "default"
2024-09-14T21:00:14.376+09:00  INFO 14540 --- [YedamApplication] [restartedMain] .s.d.r.c.RepositoryConfigurationDelegate : Bootstrapping Spring Data JDBC repositories in DEFAULT mode.
2024-09-14T21:00:14.380+09:00  INFO 14540 --- [YedamApplication] [restartedMain] .s.d.r.c.RepositoryConfigurationDelegate : Finished Spring Data repository scanning in 3 ms. Found 0 JDBC repository interfaces.
2024-09-14T21:00:14.467+09:00  INFO 14540 --- [YedamApplication] [restartedMain] o.s.b.w.embedded.tomcat.TomcatWebServer  : Tomcat initialized with port 80 (http)
2024-09-14T21:00:14.467+09:00  INFO 14540 --- [YedamApplication] [restartedMain] o.apache.catalina.core.StandardService   : Starting service [Tomcat]
2024-09-14T21:00:14.467+09:00  INFO 14540 --- [YedamApplication] [restartedMain] o.apache.catalina.core.StandardEngine    : Starting Servlet engine: [Apache Tomcat/10.1.28]
2024-09-14T21:00:14.479+09:00  INFO 14540 --- [YedamApplication] [restartedMain] o.a.c.c.C.[Tomcat].[localhost].[/]       : Initializing Spring embedded WebApplicationContext
2024-09-14T21:00:14.479+09:00  INFO 14540 --- [YedamApplication] [restartedMain] w.s.c.ServletWebServerApplicationContext : Root WebApplicationContext: initialization completed in 306 ms
2024-09-14T21:00:14.765+09:00  INFO 14540 --- [YedamApplication] [restartedMain] o.s.b.a.e.web.EndpointLinksResolver      : Exposing 14 endpoint(s) beneath base path '/actuator'
2024-09-14T21:00:14.788+09:00  INFO 14540 --- [YedamApplication] [restartedMain] o.s.s.web.DefaultSecurityFilterChain     : Will secure any request with [org.springframework.security.web.session.DisableEncodeUrlFilter@639f246b, org.springframework.security.web.context.request.async.WebAsyncManagerIntegrationFilter@714c660, org.springframework.security.web.context.SecurityContextHolderFilter@2284a2d, org.springframework.security.web.header.HeaderWriterFilter@1c8f53c6, org.springframework.security.web.authentication.logout.LogoutFilter@5e5c57d5, org.springframework.security.web.authentication.UsernamePasswordAuthenticationFilter@24c6fdef, org.springframework.security.web.authentication.ui.DefaultLoginPageGeneratingFilter@511cb3cd, org.springframework.security.web.authentication.ui.DefaultLogoutPageGeneratingFilter@1ec3b3d4, org.springframework.security.web.savedrequest.RequestCacheAwareFilter@a5ba596, org.springframework.security.web.servletapi.SecurityContextHolderAwareRequestFilter@26666650, org.springframework.security.web.authentication.AnonymousAuthenticationFilter@411c3564, org.springframework.security.web.access.ExceptionTranslationFilter@1803693f, org.springframework.security.web.access.intercept.AuthorizationFilter@79c68987]
2024-09-14T21:00:14.999+09:00  INFO 14540 --- [YedamApplication] [restartedMain] com.zaxxer.hikari.HikariDataSource       : HikariPool-6 - Starting...
2024-09-14T21:00:15.010+09:00  INFO 14540 --- [YedamApplication] [restartedMain] com.zaxxer.hikari.pool.HikariPool        : HikariPool-6 - Added connection oracle.jdbc.driver.T4CConnection@7500926b
2024-09-14T21:00:15.010+09:00  INFO 14540 --- [YedamApplication] [restartedMain] com.zaxxer.hikari.HikariDataSource       : HikariPool-6 - Start completed.
2024-09-14T21:00:15.048+09:00  INFO 14540 --- [YedamApplication] [restartedMain] o.s.b.d.a.OptionalLiveReloadServer       : LiveReload server is running on port 35729
2024-09-14T21:00:15.073+09:00  INFO 14540 --- [YedamApplication] [restartedMain] o.s.b.w.embedded.tomcat.TomcatWebServer  : Tomcat started on port 80 (http) with context path ''
2024-09-14T21:00:15.082+09:00  INFO 14540 --- [YedamApplication] [restartedMain] com.yedam.app.Boot01Application          : Started Boot01Application in 0.924 seconds (process running for 537.889)
2024-09-14T21:00:15.084+09:00  INFO 14540 --- [YedamApplication] [restartedMain] .ConditionEvaluationDeltaLoggingListener : Condition evaluation unchanged
2024-09-14T21:00:15.087+09:00  INFO 14540 --- [YedamApplication] [http-nio-80-exec-1] o.a.c.c.C.[Tomcat].[localhost].[/]       : Initializing Spring DispatcherServlet 'dispatcherServlet'
2024-09-14T21:00:15.087+09:00  INFO 14540 --- [YedamApplication] [http-nio-80-exec-1] o.s.web.servlet.DispatcherServlet        : Initializing Servlet 'dispatcherServlet'
2024-09-14T21:00:15.088+09:00  INFO 14540 --- [YedamApplication] [http-nio-80-exec-1] o.s.web.servlet.DispatcherServlet        : Completed initialization in 1 ms
2024-09-14T21:00:15.095+09:00  INFO 14540 --- [YedamApplication] [registrationTask1] d.c.b.a.c.r.ApplicationRegistrator       : Application registered itself as 2dcc9ea3d8f0
2024-09-14T21:00:21.170+09:00  INFO 14540 --- [YedamApplication] [http-nio-80-exec-1] com.yedam.app.aop.config.CommonAspect    : Starting loadUserByUsername in CustomerUserDetailsService
2024-09-14T21:00:21.173+09:00  INFO 14540 --- [YedamApplication] [http-nio-80-exec-1] com.yedam.app.aop.config.CommonAspect    : Finished loadUserByUsername in CustomerUserDetailsService (3ms)
2024-09-14T21:00:21.243+09:00  INFO 14540 --- [YedamApplication] [http-nio-80-exec-2] com.yedam.app.aop.config.CommonAspect    : Starting getLog in LogServiceImpl
2024-09-14T21:00:21.245+09:00  INFO 14540 --- [YedamApplication] [http-nio-80-exec-2] com.yedam.app.aop.config.CommonAspect    : Finished getLog in LogServiceImpl (2ms)
2024-09-14T21:01:36.798+09:00  INFO 14540 --- [YedamApplication] [http-nio-80-exec-1] com.yedam.app.aop.config.CommonAspect    : Starting deptList in DeptServiceImpl
2024-09-14T21:01:36.801+09:00  INFO 14540 --- [YedamApplication] [http-nio-80-exec-1] com.yedam.app.aop.config.CommonAspect    : Finished deptList in DeptServiceImpl (3ms)
2024-09-14T21:01:38.225+09:00  INFO 14540 --- [YedamApplication] [http-nio-80-exec-2] com.yedam.app.aop.config.CommonAspect    : Starting getLog in LogServiceImpl
2024-09-14T21:01:38.225+09:00  INFO 14540 --- [YedamApplication] [http-nio-80-exec-2] com.yedam.app.aop.config.CommonAspect    : Finished getLog in LogServiceImpl (0ms)
2024-09-14T21:04:33.548+09:00  INFO 14540 --- [YedamApplication] [http-nio-80-exec-7] com.yedam.app.aop.config.CommonAspect    : Starting empList in EmpServiceImpl
2024-09-14T21:04:33.571+09:00  INFO 14540 --- [YedamApplication] [http-nio-80-exec-7] com.yedam.app.aop.config.CommonAspect    : Finished empList in EmpServiceImpl (23ms)
2024-09-14T21:04:38.175+09:00  INFO 14540 --- [YedamApplication] [http-nio-80-exec-10] com.yedam.app.aop.config.CommonAspect    : Starting empInfo in EmpServiceImpl
2024-09-14T21:04:38.183+09:00  INFO 14540 --- [YedamApplication] [http-nio-80-exec-10] com.yedam.app.aop.config.CommonAspect    : Finished empInfo in EmpServiceImpl (8ms)
2024-09-14T21:04:40.193+09:00  INFO 14540 --- [YedamApplication] [http-nio-80-exec-8] com.yedam.app.aop.config.CommonAspect    : Starting getLog in LogServiceImpl
2024-09-14T21:04:40.195+09:00  INFO 14540 --- [YedamApplication] [http-nio-80-exec-8] com.yedam.app.aop.config.CommonAspect    : Finished getLog in LogServiceImpl (2ms)
2024-09-14T21:06:18.779+09:00  INFO 14540 --- [YedamApplication] [http-nio-80-exec-1] com.yedam.app.aop.config.CommonAspect    : Starting getLog in LogServiceImpl
2024-09-14T21:06:18.781+09:00  INFO 14540 --- [YedamApplication] [http-nio-80-exec-1] com.yedam.app.aop.config.CommonAspect    : Finished getLog in LogServiceImpl (2ms)
2024-09-14T21:09:17.620+09:00  INFO 14540 --- [YedamApplication] [File Watcher] rtingClassPathChangeChangedEventListener : Restarting due to 1 class path change (0 additions, 0 deletions, 1 modification)
2024-09-14T21:09:17.723+09:00  INFO 14540 --- [YedamApplication] [Thread-144] com.zaxxer.hikari.HikariDataSource       : HikariPool-6 - Shutdown initiated...
2024-09-14T21:09:17.727+09:00  INFO 14540 --- [YedamApplication] [Thread-144] com.zaxxer.hikari.HikariDataSource       : HikariPool-6 - Shutdown completed.
2024-09-14T21:09:17.836+09:00  INFO 14540 --- [YedamApplication] [restartedMain] com.yedam.app.Boot01Application          : Starting Boot01Application using Java 17.0.9 with PID 14540 (C:\Users\Administrator\git\spring-study\boot01\target\classes started by Administrator in C:\Users\Administrator\git\spring-study\boot01)
2024-09-14T21:09:17.837+09:00  INFO 14540 --- [YedamApplication] [restartedMain] com.yedam.app.Boot01Application          : No active profile set, falling back to 1 default profile: "default"
2024-09-14T21:09:18.099+09:00  INFO 14540 --- [YedamApplication] [restartedMain] .s.d.r.c.RepositoryConfigurationDelegate : Bootstrapping Spring Data JDBC repositories in DEFAULT mode.
2024-09-14T21:09:18.103+09:00  INFO 14540 --- [YedamApplication] [restartedMain] .s.d.r.c.RepositoryConfigurationDelegate : Finished Spring Data repository scanning in 3 ms. Found 0 JDBC repository interfaces.
2024-09-14T21:09:18.227+09:00  INFO 14540 --- [YedamApplication] [restartedMain] o.s.b.w.embedded.tomcat.TomcatWebServer  : Tomcat initialized with port 80 (http)
2024-09-14T21:09:18.228+09:00  INFO 14540 --- [YedamApplication] [restartedMain] o.apache.catalina.core.StandardService   : Starting service [Tomcat]
2024-09-14T21:09:18.228+09:00  INFO 14540 --- [YedamApplication] [restartedMain] o.apache.catalina.core.StandardEngine    : Starting Servlet engine: [Apache Tomcat/10.1.28]
2024-09-14T21:09:18.244+09:00  INFO 14540 --- [YedamApplication] [restartedMain] o.a.c.c.C.[Tomcat].[localhost].[/]       : Initializing Spring embedded WebApplicationContext
2024-09-14T21:09:18.244+09:00  INFO 14540 --- [YedamApplication] [restartedMain] w.s.c.ServletWebServerApplicationContext : Root WebApplicationContext: initialization completed in 403 ms
2024-09-14T21:09:18.313+09:00  WARN 14540 --- [YedamApplication] [restartedMain] o.a.c.c.C.[Tomcat].[localhost].[/]       : Cannot deserialize session attribute [SPRING_SECURITY_CONTEXT] for session [FFB481E781970592957A85226F62BC7D]
2024-09-14T21:09:18.611+09:00  INFO 14540 --- [YedamApplication] [restartedMain] o.s.b.a.e.web.EndpointLinksResolver      : Exposing 14 endpoint(s) beneath base path '/actuator'
2024-09-14T21:09:18.646+09:00  INFO 14540 --- [YedamApplication] [restartedMain] o.s.s.web.DefaultSecurityFilterChain     : Will secure any request with [org.springframework.security.web.session.DisableEncodeUrlFilter@52267d56, org.springframework.security.web.context.request.async.WebAsyncManagerIntegrationFilter@751e2a10, org.springframework.security.web.context.SecurityContextHolderFilter@7fde6655, org.springframework.security.web.header.HeaderWriterFilter@1eae7e04, org.springframework.security.web.authentication.logout.LogoutFilter@4fc087ec, org.springframework.security.web.authentication.UsernamePasswordAuthenticationFilter@76f12f0b, org.springframework.security.web.authentication.ui.DefaultLoginPageGeneratingFilter@31697862, org.springframework.security.web.authentication.ui.DefaultLogoutPageGeneratingFilter@42396e2c, org.springframework.security.web.savedrequest.RequestCacheAwareFilter@219a77c, org.springframework.security.web.servletapi.SecurityContextHolderAwareRequestFilter@10214c2f, org.springframework.security.web.authentication.AnonymousAuthenticationFilter@3dd7b386, org.springframework.security.web.access.ExceptionTranslationFilter@655d9341, org.springframework.security.web.access.intercept.AuthorizationFilter@46875b0]
2024-09-14T21:09:18.939+09:00  INFO 14540 --- [YedamApplication] [restartedMain] com.zaxxer.hikari.HikariDataSource       : HikariPool-7 - Starting...
2024-09-14T21:09:18.951+09:00  INFO 14540 --- [YedamApplication] [restartedMain] com.zaxxer.hikari.pool.HikariPool        : HikariPool-7 - Added connection oracle.jdbc.driver.T4CConnection@5e29f9fd
2024-09-14T21:09:18.951+09:00  INFO 14540 --- [YedamApplication] [restartedMain] com.zaxxer.hikari.HikariDataSource       : HikariPool-7 - Start completed.
2024-09-14T21:09:18.998+09:00  INFO 14540 --- [YedamApplication] [restartedMain] o.s.b.d.a.OptionalLiveReloadServer       : LiveReload server is running on port 35729
2024-09-14T21:09:19.026+09:00  INFO 14540 --- [YedamApplication] [restartedMain] o.s.b.w.embedded.tomcat.TomcatWebServer  : Tomcat started on port 80 (http) with context path ''
2024-09-14T21:09:19.036+09:00  INFO 14540 --- [YedamApplication] [restartedMain] com.yedam.app.Boot01Application          : Started Boot01Application in 1.219 seconds (process running for 1081.843)
2024-09-14T21:09:19.039+09:00  INFO 14540 --- [YedamApplication] [restartedMain] .ConditionEvaluationDeltaLoggingListener : Condition evaluation unchanged
2024-09-14T21:09:19.043+09:00  INFO 14540 --- [YedamApplication] [http-nio-80-exec-1] o.a.c.c.C.[Tomcat].[localhost].[/]       : Initializing Spring DispatcherServlet 'dispatcherServlet'
2024-09-14T21:09:19.043+09:00  INFO 14540 --- [YedamApplication] [http-nio-80-exec-1] o.s.web.servlet.DispatcherServlet        : Initializing Servlet 'dispatcherServlet'
2024-09-14T21:09:19.044+09:00  INFO 14540 --- [YedamApplication] [http-nio-80-exec-1] o.s.web.servlet.DispatcherServlet        : Completed initialization in 1 ms
2024-09-14T21:09:19.051+09:00  INFO 14540 --- [YedamApplication] [registrationTask1] d.c.b.a.c.r.ApplicationRegistrator       : Application registered itself as 2dcc9ea3d8f0
2024-09-14T21:09:25.576+09:00  INFO 14540 --- [YedamApplication] [http-nio-80-exec-1] com.yedam.app.aop.config.CommonAspect    : Starting loadUserByUsername in CustomerUserDetailsService
2024-09-14T21:09:25.579+09:00  INFO 14540 --- [YedamApplication] [http-nio-80-exec-1] com.yedam.app.aop.config.CommonAspect    : Finished loadUserByUsername in CustomerUserDetailsService (3ms)
2024-09-14T21:09:25.649+09:00  INFO 14540 --- [YedamApplication] [http-nio-80-exec-2] com.yedam.app.aop.config.CommonAspect    : Starting getLog in LogServiceImpl
2024-09-14T21:09:25.650+09:00  INFO 14540 --- [YedamApplication] [http-nio-80-exec-2] com.yedam.app.aop.config.CommonAspect    : Finished getLog in LogServiceImpl (1ms)
2024-09-14T21:13:45.041+09:00  INFO 14540 --- [YedamApplication] [File Watcher] rtingClassPathChangeChangedEventListener : Restarting due to 1 class path change (0 additions, 0 deletions, 1 modification)
2024-09-14T21:13:45.149+09:00  INFO 14540 --- [YedamApplication] [Thread-198] com.zaxxer.hikari.HikariDataSource       : HikariPool-7 - Shutdown initiated...
2024-09-14T21:13:45.153+09:00  INFO 14540 --- [YedamApplication] [Thread-198] com.zaxxer.hikari.HikariDataSource       : HikariPool-7 - Shutdown completed.
2024-09-14T21:13:45.266+09:00  INFO 14540 --- [YedamApplication] [restartedMain] com.yedam.app.Boot01Application          : Starting Boot01Application using Java 17.0.9 with PID 14540 (C:\Users\Administrator\git\spring-study\boot01\target\classes started by Administrator in C:\Users\Administrator\git\spring-study\boot01)
2024-09-14T21:13:45.267+09:00  INFO 14540 --- [YedamApplication] [restartedMain] com.yedam.app.Boot01Application          : No active profile set, falling back to 1 default profile: "default"
2024-09-14T21:13:45.517+09:00  INFO 14540 --- [YedamApplication] [restartedMain] .s.d.r.c.RepositoryConfigurationDelegate : Bootstrapping Spring Data JDBC repositories in DEFAULT mode.
2024-09-14T21:13:45.521+09:00  INFO 14540 --- [YedamApplication] [restartedMain] .s.d.r.c.RepositoryConfigurationDelegate : Finished Spring Data repository scanning in 3 ms. Found 0 JDBC repository interfaces.
2024-09-14T21:13:45.637+09:00  INFO 14540 --- [YedamApplication] [restartedMain] o.s.b.w.embedded.tomcat.TomcatWebServer  : Tomcat initialized with port 80 (http)
2024-09-14T21:13:45.637+09:00  INFO 14540 --- [YedamApplication] [restartedMain] o.apache.catalina.core.StandardService   : Starting service [Tomcat]
2024-09-14T21:13:45.637+09:00  INFO 14540 --- [YedamApplication] [restartedMain] o.apache.catalina.core.StandardEngine    : Starting Servlet engine: [Apache Tomcat/10.1.28]
2024-09-14T21:13:45.652+09:00  INFO 14540 --- [YedamApplication] [restartedMain] o.a.c.c.C.[Tomcat].[localhost].[/]       : Initializing Spring embedded WebApplicationContext
2024-09-14T21:13:45.652+09:00  INFO 14540 --- [YedamApplication] [restartedMain] w.s.c.ServletWebServerApplicationContext : Root WebApplicationContext: initialization completed in 384 ms
2024-09-14T21:13:45.720+09:00  WARN 14540 --- [YedamApplication] [restartedMain] o.a.c.c.C.[Tomcat].[localhost].[/]       : Cannot deserialize session attribute [SPRING_SECURITY_CONTEXT] for session [38BB3165B040D776AD6B1BA2825C6E7D]
2024-09-14T21:13:46.008+09:00  INFO 14540 --- [YedamApplication] [restartedMain] o.s.b.a.e.web.EndpointLinksResolver      : Exposing 14 endpoint(s) beneath base path '/actuator'
2024-09-14T21:13:46.042+09:00  INFO 14540 --- [YedamApplication] [restartedMain] o.s.s.web.DefaultSecurityFilterChain     : Will secure any request with [org.springframework.security.web.session.DisableEncodeUrlFilter@581c4cbd, org.springframework.security.web.context.request.async.WebAsyncManagerIntegrationFilter@7c2f4969, org.springframework.security.web.context.SecurityContextHolderFilter@1887d7ed, org.springframework.security.web.header.HeaderWriterFilter@11d87493, org.springframework.security.web.authentication.logout.LogoutFilter@3a596e02, org.springframework.security.web.authentication.UsernamePasswordAuthenticationFilter@30a7a2f2, org.springframework.security.web.authentication.ui.DefaultLoginPageGeneratingFilter@674d299c, org.springframework.security.web.authentication.ui.DefaultLogoutPageGeneratingFilter@4abd076b, org.springframework.security.web.savedrequest.RequestCacheAwareFilter@6a3d069a, org.springframework.security.web.servletapi.SecurityContextHolderAwareRequestFilter@782f28f2, org.springframework.security.web.authentication.AnonymousAuthenticationFilter@1d28aac9, org.springframework.security.web.access.ExceptionTranslationFilter@6665d59b, org.springframework.security.web.access.intercept.AuthorizationFilter@75cc053f]
2024-09-14T21:13:46.304+09:00  INFO 14540 --- [YedamApplication] [restartedMain] com.zaxxer.hikari.HikariDataSource       : HikariPool-8 - Starting...
2024-09-14T21:13:46.317+09:00  INFO 14540 --- [YedamApplication] [restartedMain] com.zaxxer.hikari.pool.HikariPool        : HikariPool-8 - Added connection oracle.jdbc.driver.T4CConnection@5ca387a2
2024-09-14T21:13:46.317+09:00  INFO 14540 --- [YedamApplication] [restartedMain] com.zaxxer.hikari.HikariDataSource       : HikariPool-8 - Start completed.
2024-09-14T21:13:46.358+09:00  INFO 14540 --- [YedamApplication] [restartedMain] o.s.b.d.a.OptionalLiveReloadServer       : LiveReload server is running on port 35729
2024-09-14T21:13:46.386+09:00  INFO 14540 --- [YedamApplication] [restartedMain] o.s.b.w.embedded.tomcat.TomcatWebServer  : Tomcat started on port 80 (http) with context path ''
2024-09-14T21:13:46.395+09:00  INFO 14540 --- [YedamApplication] [restartedMain] com.yedam.app.Boot01Application          : Started Boot01Application in 1.144 seconds (process running for 1349.201)
2024-09-14T21:13:46.397+09:00  INFO 14540 --- [YedamApplication] [restartedMain] .ConditionEvaluationDeltaLoggingListener : Condition evaluation unchanged
2024-09-14T21:13:46.400+09:00  INFO 14540 --- [YedamApplication] [http-nio-80-exec-1] o.a.c.c.C.[Tomcat].[localhost].[/]       : Initializing Spring DispatcherServlet 'dispatcherServlet'
2024-09-14T21:13:46.400+09:00  INFO 14540 --- [YedamApplication] [http-nio-80-exec-1] o.s.web.servlet.DispatcherServlet        : Initializing Servlet 'dispatcherServlet'
2024-09-14T21:13:46.401+09:00  INFO 14540 --- [YedamApplication] [http-nio-80-exec-1] o.s.web.servlet.DispatcherServlet        : Completed initialization in 1 ms
2024-09-14T21:13:46.407+09:00  INFO 14540 --- [YedamApplication] [registrationTask1] d.c.b.a.c.r.ApplicationRegistrator       : Application registered itself as 2dcc9ea3d8f0
2024-09-14T21:14:20.151+09:00  INFO 14540 --- [YedamApplication] [File Watcher] rtingClassPathChangeChangedEventListener : Restarting due to 1 class path change (0 additions, 0 deletions, 1 modification)
2024-09-14T21:14:20.256+09:00  INFO 14540 --- [YedamApplication] [Thread-235] com.zaxxer.hikari.HikariDataSource       : HikariPool-8 - Shutdown initiated...
2024-09-14T21:14:20.258+09:00  INFO 14540 --- [YedamApplication] [Thread-235] com.zaxxer.hikari.HikariDataSource       : HikariPool-8 - Shutdown completed.
2024-09-14T21:14:20.380+09:00  INFO 14540 --- [YedamApplication] [restartedMain] com.yedam.app.Boot01Application          : Starting Boot01Application using Java 17.0.9 with PID 14540 (C:\Users\Administrator\git\spring-study\boot01\target\classes started by Administrator in C:\Users\Administrator\git\spring-study\boot01)
2024-09-14T21:14:20.380+09:00  INFO 14540 --- [YedamApplication] [restartedMain] com.yedam.app.Boot01Application          : No active profile set, falling back to 1 default profile: "default"
2024-09-14T21:14:20.632+09:00  INFO 14540 --- [YedamApplication] [restartedMain] .s.d.r.c.RepositoryConfigurationDelegate : Bootstrapping Spring Data JDBC repositories in DEFAULT mode.
2024-09-14T21:14:20.635+09:00  INFO 14540 --- [YedamApplication] [restartedMain] .s.d.r.c.RepositoryConfigurationDelegate : Finished Spring Data repository scanning in 3 ms. Found 0 JDBC repository interfaces.
2024-09-14T21:14:20.741+09:00  INFO 14540 --- [YedamApplication] [restartedMain] o.s.b.w.embedded.tomcat.TomcatWebServer  : Tomcat initialized with port 80 (http)
2024-09-14T21:14:20.741+09:00  INFO 14540 --- [YedamApplication] [restartedMain] o.apache.catalina.core.StandardService   : Starting service [Tomcat]
2024-09-14T21:14:20.741+09:00  INFO 14540 --- [YedamApplication] [restartedMain] o.apache.catalina.core.StandardEngine    : Starting Servlet engine: [Apache Tomcat/10.1.28]
2024-09-14T21:14:20.756+09:00  INFO 14540 --- [YedamApplication] [restartedMain] o.a.c.c.C.[Tomcat].[localhost].[/]       : Initializing Spring embedded WebApplicationContext
2024-09-14T21:14:20.756+09:00  INFO 14540 --- [YedamApplication] [restartedMain] w.s.c.ServletWebServerApplicationContext : Root WebApplicationContext: initialization completed in 374 ms
2024-09-14T21:14:21.073+09:00  INFO 14540 --- [YedamApplication] [restartedMain] o.s.b.a.e.web.EndpointLinksResolver      : Exposing 14 endpoint(s) beneath base path '/actuator'
2024-09-14T21:14:21.108+09:00  INFO 14540 --- [YedamApplication] [restartedMain] o.s.s.web.DefaultSecurityFilterChain     : Will secure any request with [org.springframework.security.web.session.DisableEncodeUrlFilter@37a12e34, org.springframework.security.web.context.request.async.WebAsyncManagerIntegrationFilter@10b71546, org.springframework.security.web.context.SecurityContextHolderFilter@619cbde4, org.springframework.security.web.header.HeaderWriterFilter@2dde04ac, org.springframework.security.web.authentication.logout.LogoutFilter@3aa56b5d, org.springframework.security.web.authentication.UsernamePasswordAuthenticationFilter@1e5499d9, org.springframework.security.web.authentication.ui.DefaultLoginPageGeneratingFilter@1832f381, org.springframework.security.web.authentication.ui.DefaultLogoutPageGeneratingFilter@3415e65b, org.springframework.security.web.savedrequest.RequestCacheAwareFilter@5cb5f352, org.springframework.security.web.servletapi.SecurityContextHolderAwareRequestFilter@4ac3dc10, org.springframework.security.web.authentication.AnonymousAuthenticationFilter@2c1fabe3, org.springframework.security.web.access.ExceptionTranslationFilter@22910797, org.springframework.security.web.access.intercept.AuthorizationFilter@564de708]
2024-09-14T21:14:21.336+09:00  INFO 14540 --- [YedamApplication] [restartedMain] com.zaxxer.hikari.HikariDataSource       : HikariPool-9 - Starting...
2024-09-14T21:14:21.349+09:00  INFO 14540 --- [YedamApplication] [restartedMain] com.zaxxer.hikari.pool.HikariPool        : HikariPool-9 - Added connection oracle.jdbc.driver.T4CConnection@1c1819eb
2024-09-14T21:14:21.349+09:00  INFO 14540 --- [YedamApplication] [restartedMain] com.zaxxer.hikari.HikariDataSource       : HikariPool-9 - Start completed.
2024-09-14T21:14:21.394+09:00  INFO 14540 --- [YedamApplication] [restartedMain] o.s.b.d.a.OptionalLiveReloadServer       : LiveReload server is running on port 35729
2024-09-14T21:14:21.421+09:00  INFO 14540 --- [YedamApplication] [restartedMain] o.s.b.w.embedded.tomcat.TomcatWebServer  : Tomcat started on port 80 (http) with context path ''
2024-09-14T21:14:21.431+09:00  INFO 14540 --- [YedamApplication] [restartedMain] com.yedam.app.Boot01Application          : Started Boot01Application in 1.068 seconds (process running for 1384.238)
2024-09-14T21:14:21.433+09:00  INFO 14540 --- [YedamApplication] [restartedMain] .ConditionEvaluationDeltaLoggingListener : Condition evaluation unchanged
2024-09-14T21:14:21.436+09:00  INFO 14540 --- [YedamApplication] [http-nio-80-exec-1] o.a.c.c.C.[Tomcat].[localhost].[/]       : Initializing Spring DispatcherServlet 'dispatcherServlet'
2024-09-14T21:14:21.436+09:00  INFO 14540 --- [YedamApplication] [http-nio-80-exec-1] o.s.web.servlet.DispatcherServlet        : Initializing Servlet 'dispatcherServlet'
2024-09-14T21:14:21.437+09:00  INFO 14540 --- [YedamApplication] [http-nio-80-exec-1] o.s.web.servlet.DispatcherServlet        : Completed initialization in 1 ms
2024-09-14T21:14:21.443+09:00  INFO 14540 --- [YedamApplication] [registrationTask1] d.c.b.a.c.r.ApplicationRegistrator       : Application registered itself as 2dcc9ea3d8f0
2024-09-14T21:14:25.887+09:00  INFO 14540 --- [YedamApplication] [File Watcher] rtingClassPathChangeChangedEventListener : Restarting due to 1 class path change (0 additions, 0 deletions, 1 modification)
2024-09-14T21:14:26.004+09:00  INFO 14540 --- [YedamApplication] [Thread-258] com.zaxxer.hikari.HikariDataSource       : HikariPool-9 - Shutdown initiated...
2024-09-14T21:14:26.007+09:00  INFO 14540 --- [YedamApplication] [Thread-258] com.zaxxer.hikari.HikariDataSource       : HikariPool-9 - Shutdown completed.
2024-09-14T21:14:26.140+09:00  INFO 14540 --- [YedamApplication] [restartedMain] com.yedam.app.Boot01Application          : Starting Boot01Application using Java 17.0.9 with PID 14540 (C:\Users\Administrator\git\spring-study\boot01\target\classes started by Administrator in C:\Users\Administrator\git\spring-study\boot01)
2024-09-14T21:14:26.141+09:00  INFO 14540 --- [YedamApplication] [restartedMain] com.yedam.app.Boot01Application          : No active profile set, falling back to 1 default profile: "default"
2024-09-14T21:14:26.406+09:00  INFO 14540 --- [YedamApplication] [restartedMain] .s.d.r.c.RepositoryConfigurationDelegate : Bootstrapping Spring Data JDBC repositories in DEFAULT mode.
2024-09-14T21:14:26.411+09:00  INFO 14540 --- [YedamApplication] [restartedMain] .s.d.r.c.RepositoryConfigurationDelegate : Finished Spring Data repository scanning in 4 ms. Found 0 JDBC repository interfaces.
2024-09-14T21:14:26.534+09:00  INFO 14540 --- [YedamApplication] [restartedMain] o.s.b.w.embedded.tomcat.TomcatWebServer  : Tomcat initialized with port 80 (http)
2024-09-14T21:14:26.534+09:00  INFO 14540 --- [YedamApplication] [restartedMain] o.apache.catalina.core.StandardService   : Starting service [Tomcat]
2024-09-14T21:14:26.534+09:00  INFO 14540 --- [YedamApplication] [restartedMain] o.apache.catalina.core.StandardEngine    : Starting Servlet engine: [Apache Tomcat/10.1.28]
2024-09-14T21:14:26.550+09:00  INFO 14540 --- [YedamApplication] [restartedMain] o.a.c.c.C.[Tomcat].[localhost].[/]       : Initializing Spring embedded WebApplicationContext
2024-09-14T21:14:26.550+09:00  INFO 14540 --- [YedamApplication] [restartedMain] w.s.c.ServletWebServerApplicationContext : Root WebApplicationContext: initialization completed in 408 ms
2024-09-14T21:14:26.886+09:00  INFO 14540 --- [YedamApplication] [restartedMain] o.s.b.a.e.web.EndpointLinksResolver      : Exposing 14 endpoint(s) beneath base path '/actuator'
2024-09-14T21:14:26.916+09:00  INFO 14540 --- [YedamApplication] [restartedMain] o.s.s.web.DefaultSecurityFilterChain     : Will secure any request with [org.springframework.security.web.session.DisableEncodeUrlFilter@63f36fd7, org.springframework.security.web.context.request.async.WebAsyncManagerIntegrationFilter@11a8169c, org.springframework.security.web.context.SecurityContextHolderFilter@23ff2402, org.springframework.security.web.header.HeaderWriterFilter@5c08529d, org.springframework.security.web.authentication.logout.LogoutFilter@5bc45b75, org.springframework.security.web.authentication.UsernamePasswordAuthenticationFilter@58b4f8b6, org.springframework.security.web.authentication.ui.DefaultLoginPageGeneratingFilter@784d20cd, org.springframework.security.web.authentication.ui.DefaultLogoutPageGeneratingFilter@550b3e7d, org.springframework.security.web.savedrequest.RequestCacheAwareFilter@454124b0, org.springframework.security.web.servletapi.SecurityContextHolderAwareRequestFilter@323eabbe, org.springframework.security.web.authentication.AnonymousAuthenticationFilter@1fffc56d, org.springframework.security.web.access.ExceptionTranslationFilter@51d80fa3, org.springframework.security.web.access.intercept.AuthorizationFilter@76024abd]
2024-09-14T21:14:27.148+09:00  INFO 14540 --- [YedamApplication] [restartedMain] com.zaxxer.hikari.HikariDataSource       : HikariPool-10 - Starting...
2024-09-14T21:14:27.160+09:00  INFO 14540 --- [YedamApplication] [restartedMain] com.zaxxer.hikari.pool.HikariPool        : HikariPool-10 - Added connection oracle.jdbc.driver.T4CConnection@2516de2a
2024-09-14T21:14:27.160+09:00  INFO 14540 --- [YedamApplication] [restartedMain] com.zaxxer.hikari.HikariDataSource       : HikariPool-10 - Start completed.
2024-09-14T21:14:27.204+09:00  INFO 14540 --- [YedamApplication] [restartedMain] o.s.b.d.a.OptionalLiveReloadServer       : LiveReload server is running on port 35729
2024-09-14T21:14:27.234+09:00  INFO 14540 --- [YedamApplication] [restartedMain] o.s.b.w.embedded.tomcat.TomcatWebServer  : Tomcat started on port 80 (http) with context path ''
2024-09-14T21:14:27.243+09:00  INFO 14540 --- [YedamApplication] [restartedMain] com.yedam.app.Boot01Application          : Started Boot01Application in 1.121 seconds (process running for 1390.05)
2024-09-14T21:14:27.245+09:00  INFO 14540 --- [YedamApplication] [restartedMain] .ConditionEvaluationDeltaLoggingListener : Condition evaluation unchanged
2024-09-14T21:14:27.248+09:00  INFO 14540 --- [YedamApplication] [http-nio-80-exec-1] o.a.c.c.C.[Tomcat].[localhost].[/]       : Initializing Spring DispatcherServlet 'dispatcherServlet'
2024-09-14T21:14:27.248+09:00  INFO 14540 --- [YedamApplication] [http-nio-80-exec-1] o.s.web.servlet.DispatcherServlet        : Initializing Servlet 'dispatcherServlet'
2024-09-14T21:14:27.249+09:00  INFO 14540 --- [YedamApplication] [http-nio-80-exec-1] o.s.web.servlet.DispatcherServlet        : Completed initialization in 1 ms
2024-09-14T21:14:27.255+09:00  INFO 14540 --- [YedamApplication] [registrationTask1] d.c.b.a.c.r.ApplicationRegistrator       : Application registered itself as 2dcc9ea3d8f0
2024-09-14T21:14:45.921+09:00  INFO 14540 --- [YedamApplication] [File Watcher] rtingClassPathChangeChangedEventListener : Restarting due to 1 class path change (0 additions, 0 deletions, 1 modification)
2024-09-14T21:14:46.027+09:00  INFO 14540 --- [YedamApplication] [Thread-280] com.zaxxer.hikari.HikariDataSource       : HikariPool-10 - Shutdown initiated...
2024-09-14T21:14:46.029+09:00  INFO 14540 --- [YedamApplication] [Thread-280] com.zaxxer.hikari.HikariDataSource       : HikariPool-10 - Shutdown completed.
2024-09-14T21:14:46.147+09:00  INFO 14540 --- [YedamApplication] [restartedMain] com.yedam.app.Boot01Application          : Starting Boot01Application using Java 17.0.9 with PID 14540 (C:\Users\Administrator\git\spring-study\boot01\target\classes started by Administrator in C:\Users\Administrator\git\spring-study\boot01)
2024-09-14T21:14:46.147+09:00  INFO 14540 --- [YedamApplication] [restartedMain] com.yedam.app.Boot01Application          : No active profile set, falling back to 1 default profile: "default"
2024-09-14T21:14:46.401+09:00  INFO 14540 --- [YedamApplication] [restartedMain] .s.d.r.c.RepositoryConfigurationDelegate : Bootstrapping Spring Data JDBC repositories in DEFAULT mode.
2024-09-14T21:14:46.404+09:00  INFO 14540 --- [YedamApplication] [restartedMain] .s.d.r.c.RepositoryConfigurationDelegate : Finished Spring Data repository scanning in 3 ms. Found 0 JDBC repository interfaces.
2024-09-14T21:14:46.515+09:00  INFO 14540 --- [YedamApplication] [restartedMain] o.s.b.w.embedded.tomcat.TomcatWebServer  : Tomcat initialized with port 80 (http)
2024-09-14T21:14:46.516+09:00  INFO 14540 --- [YedamApplication] [restartedMain] o.apache.catalina.core.StandardService   : Starting service [Tomcat]
2024-09-14T21:14:46.516+09:00  INFO 14540 --- [YedamApplication] [restartedMain] o.apache.catalina.core.StandardEngine    : Starting Servlet engine: [Apache Tomcat/10.1.28]
2024-09-14T21:14:46.530+09:00  INFO 14540 --- [YedamApplication] [restartedMain] o.a.c.c.C.[Tomcat].[localhost].[/]       : Initializing Spring embedded WebApplicationContext
2024-09-14T21:14:46.530+09:00  INFO 14540 --- [YedamApplication] [restartedMain] w.s.c.ServletWebServerApplicationContext : Root WebApplicationContext: initialization completed in 382 ms
2024-09-14T21:14:46.874+09:00  INFO 14540 --- [YedamApplication] [restartedMain] o.s.b.a.e.web.EndpointLinksResolver      : Exposing 14 endpoint(s) beneath base path '/actuator'
2024-09-14T21:14:46.905+09:00  INFO 14540 --- [YedamApplication] [restartedMain] o.s.s.web.DefaultSecurityFilterChain     : Will secure any request with [org.springframework.security.web.session.DisableEncodeUrlFilter@35476dd5, org.springframework.security.web.context.request.async.WebAsyncManagerIntegrationFilter@3def80c9, org.springframework.security.web.context.SecurityContextHolderFilter@131d50e1, org.springframework.security.web.header.HeaderWriterFilter@471b4537, org.springframework.security.web.authentication.logout.LogoutFilter@5adac813, org.springframework.security.web.authentication.UsernamePasswordAuthenticationFilter@64e960f3, org.springframework.security.web.authentication.ui.DefaultLoginPageGeneratingFilter@49543039, org.springframework.security.web.authentication.ui.DefaultLogoutPageGeneratingFilter@1ee7eb5a, org.springframework.security.web.savedrequest.RequestCacheAwareFilter@1a95f803, org.springframework.security.web.servletapi.SecurityContextHolderAwareRequestFilter@1f95571e, org.springframework.security.web.authentication.AnonymousAuthenticationFilter@1abe7cc7, org.springframework.security.web.access.ExceptionTranslationFilter@1acb4d9f, org.springframework.security.web.access.intercept.AuthorizationFilter@43397c8]
2024-09-14T21:14:47.135+09:00  INFO 14540 --- [YedamApplication] [restartedMain] com.zaxxer.hikari.HikariDataSource       : HikariPool-11 - Starting...
2024-09-14T21:14:47.146+09:00  INFO 14540 --- [YedamApplication] [restartedMain] com.zaxxer.hikari.pool.HikariPool        : HikariPool-11 - Added connection oracle.jdbc.driver.T4CConnection@76373188
2024-09-14T21:14:47.146+09:00  INFO 14540 --- [YedamApplication] [restartedMain] com.zaxxer.hikari.HikariDataSource       : HikariPool-11 - Start completed.
2024-09-14T21:14:47.187+09:00  INFO 14540 --- [YedamApplication] [restartedMain] o.s.b.d.a.OptionalLiveReloadServer       : LiveReload server is running on port 35729
2024-09-14T21:14:47.215+09:00  INFO 14540 --- [YedamApplication] [restartedMain] o.s.b.w.embedded.tomcat.TomcatWebServer  : Tomcat started on port 80 (http) with context path ''
2024-09-14T21:14:47.226+09:00  INFO 14540 --- [YedamApplication] [restartedMain] com.yedam.app.Boot01Application          : Started Boot01Application in 1.094 seconds (process running for 1410.032)
2024-09-14T21:14:47.227+09:00  INFO 14540 --- [YedamApplication] [restartedMain] .ConditionEvaluationDeltaLoggingListener : Condition evaluation unchanged
2024-09-14T21:14:47.230+09:00  INFO 14540 --- [YedamApplication] [http-nio-80-exec-1] o.a.c.c.C.[Tomcat].[localhost].[/]       : Initializing Spring DispatcherServlet 'dispatcherServlet'
2024-09-14T21:14:47.230+09:00  INFO 14540 --- [YedamApplication] [http-nio-80-exec-1] o.s.web.servlet.DispatcherServlet        : Initializing Servlet 'dispatcherServlet'
2024-09-14T21:14:47.231+09:00  INFO 14540 --- [YedamApplication] [http-nio-80-exec-1] o.s.web.servlet.DispatcherServlet        : Completed initialization in 1 ms
2024-09-14T21:14:47.237+09:00  INFO 14540 --- [YedamApplication] [registrationTask1] d.c.b.a.c.r.ApplicationRegistrator       : Application registered itself as 2dcc9ea3d8f0
2024-09-14T21:14:54.715+09:00  INFO 14540 --- [YedamApplication] [File Watcher] rtingClassPathChangeChangedEventListener : Restarting due to 3 class path changes (0 additions, 0 deletions, 3 modifications)
2024-09-14T21:14:54.832+09:00  INFO 14540 --- [YedamApplication] [Thread-302] com.zaxxer.hikari.HikariDataSource       : HikariPool-11 - Shutdown initiated...
2024-09-14T21:14:54.835+09:00  INFO 14540 --- [YedamApplication] [Thread-302] com.zaxxer.hikari.HikariDataSource       : HikariPool-11 - Shutdown completed.
2024-09-14T21:14:54.970+09:00  INFO 14540 --- [YedamApplication] [restartedMain] com.yedam.app.Boot01Application          : Starting Boot01Application using Java 17.0.9 with PID 14540 (C:\Users\Administrator\git\spring-study\boot01\target\classes started by Administrator in C:\Users\Administrator\git\spring-study\boot01)
2024-09-14T21:14:54.970+09:00  INFO 14540 --- [YedamApplication] [restartedMain] com.yedam.app.Boot01Application          : No active profile set, falling back to 1 default profile: "default"
2024-09-14T21:14:55.262+09:00  INFO 14540 --- [YedamApplication] [restartedMain] .s.d.r.c.RepositoryConfigurationDelegate : Bootstrapping Spring Data JDBC repositories in DEFAULT mode.
2024-09-14T21:14:55.266+09:00  INFO 14540 --- [YedamApplication] [restartedMain] .s.d.r.c.RepositoryConfigurationDelegate : Finished Spring Data repository scanning in 4 ms. Found 0 JDBC repository interfaces.
2024-09-14T21:14:55.385+09:00  INFO 14540 --- [YedamApplication] [restartedMain] o.s.b.w.embedded.tomcat.TomcatWebServer  : Tomcat initialized with port 80 (http)
2024-09-14T21:14:55.385+09:00  INFO 14540 --- [YedamApplication] [restartedMain] o.apache.catalina.core.StandardService   : Starting service [Tomcat]
2024-09-14T21:14:55.385+09:00  INFO 14540 --- [YedamApplication] [restartedMain] o.apache.catalina.core.StandardEngine    : Starting Servlet engine: [Apache Tomcat/10.1.28]
2024-09-14T21:14:55.400+09:00  INFO 14540 --- [YedamApplication] [restartedMain] o.a.c.c.C.[Tomcat].[localhost].[/]       : Initializing Spring embedded WebApplicationContext
2024-09-14T21:14:55.400+09:00  INFO 14540 --- [YedamApplication] [restartedMain] w.s.c.ServletWebServerApplicationContext : Root WebApplicationContext: initialization completed in 429 ms
2024-09-14T21:14:55.748+09:00  INFO 14540 --- [YedamApplication] [restartedMain] o.s.b.a.e.web.EndpointLinksResolver      : Exposing 14 endpoint(s) beneath base path '/actuator'
2024-09-14T21:14:55.781+09:00  INFO 14540 --- [YedamApplication] [restartedMain] o.s.s.web.DefaultSecurityFilterChain     : Will secure any request with [org.springframework.security.web.session.DisableEncodeUrlFilter@43f9ed18, org.springframework.security.web.context.request.async.WebAsyncManagerIntegrationFilter@4e8bd71, org.springframework.security.web.context.SecurityContextHolderFilter@3c756768, org.springframework.security.web.header.HeaderWriterFilter@44dc09eb, org.springframework.security.web.authentication.logout.LogoutFilter@5966994a, org.springframework.security.web.authentication.UsernamePasswordAuthenticationFilter@7272841c, org.springframework.security.web.authentication.ui.DefaultLoginPageGeneratingFilter@845ab82, org.springframework.security.web.authentication.ui.DefaultLogoutPageGeneratingFilter@735bbf9, org.springframework.security.web.savedrequest.RequestCacheAwareFilter@23731f84, org.springframework.security.web.servletapi.SecurityContextHolderAwareRequestFilter@8b6444c, org.springframework.security.web.authentication.AnonymousAuthenticationFilter@43caea0b, org.springframework.security.web.access.ExceptionTranslationFilter@59f0e8c3, org.springframework.security.web.access.intercept.AuthorizationFilter@54205b0b]
2024-09-14T21:14:56.021+09:00  INFO 14540 --- [YedamApplication] [restartedMain] com.zaxxer.hikari.HikariDataSource       : HikariPool-12 - Starting...
2024-09-14T21:14:56.036+09:00  INFO 14540 --- [YedamApplication] [restartedMain] com.zaxxer.hikari.pool.HikariPool        : HikariPool-12 - Added connection oracle.jdbc.driver.T4CConnection@35a4e34e
2024-09-14T21:14:56.037+09:00  INFO 14540 --- [YedamApplication] [restartedMain] com.zaxxer.hikari.HikariDataSource       : HikariPool-12 - Start completed.
2024-09-14T21:14:56.105+09:00  INFO 14540 --- [YedamApplication] [restartedMain] o.s.b.d.a.OptionalLiveReloadServer       : LiveReload server is running on port 35729
2024-09-14T21:14:56.136+09:00  INFO 14540 --- [YedamApplication] [restartedMain] o.s.b.w.embedded.tomcat.TomcatWebServer  : Tomcat started on port 80 (http) with context path ''
2024-09-14T21:14:56.146+09:00  INFO 14540 --- [YedamApplication] [restartedMain] com.yedam.app.Boot01Application          : Started Boot01Application in 1.197 seconds (process running for 1418.953)
2024-09-14T21:14:56.148+09:00  INFO 14540 --- [YedamApplication] [restartedMain] .ConditionEvaluationDeltaLoggingListener : Condition evaluation unchanged
2024-09-14T21:14:56.151+09:00  INFO 14540 --- [YedamApplication] [http-nio-80-exec-1] o.a.c.c.C.[Tomcat].[localhost].[/]       : Initializing Spring DispatcherServlet 'dispatcherServlet'
2024-09-14T21:14:56.151+09:00  INFO 14540 --- [YedamApplication] [http-nio-80-exec-1] o.s.web.servlet.DispatcherServlet        : Initializing Servlet 'dispatcherServlet'
2024-09-14T21:14:56.154+09:00  INFO 14540 --- [YedamApplication] [http-nio-80-exec-1] o.s.web.servlet.DispatcherServlet        : Completed initialization in 1 ms
2024-09-14T21:14:56.160+09:00  INFO 14540 --- [YedamApplication] [registrationTask1] d.c.b.a.c.r.ApplicationRegistrator       : Application registered itself as 2dcc9ea3d8f0
2024-09-14T21:14:59.579+09:00  INFO 14540 --- [YedamApplication] [File Watcher] rtingClassPathChangeChangedEventListener : Restarting due to 1 class path change (0 additions, 0 deletions, 1 modification)
2024-09-14T21:14:59.695+09:00  INFO 14540 --- [YedamApplication] [Thread-324] com.zaxxer.hikari.HikariDataSource       : HikariPool-12 - Shutdown initiated...
2024-09-14T21:14:59.699+09:00  INFO 14540 --- [YedamApplication] [Thread-324] com.zaxxer.hikari.HikariDataSource       : HikariPool-12 - Shutdown completed.
2024-09-14T21:14:59.856+09:00  INFO 14540 --- [YedamApplication] [restartedMain] com.yedam.app.Boot01Application          : Starting Boot01Application using Java 17.0.9 with PID 14540 (C:\Users\Administrator\git\spring-study\boot01\target\classes started by Administrator in C:\Users\Administrator\git\spring-study\boot01)
2024-09-14T21:14:59.856+09:00  INFO 14540 --- [YedamApplication] [restartedMain] com.yedam.app.Boot01Application          : No active profile set, falling back to 1 default profile: "default"
2024-09-14T21:15:00.146+09:00  INFO 14540 --- [YedamApplication] [restartedMain] .s.d.r.c.RepositoryConfigurationDelegate : Bootstrapping Spring Data JDBC repositories in DEFAULT mode.
2024-09-14T21:15:00.150+09:00  INFO 14540 --- [YedamApplication] [restartedMain] .s.d.r.c.RepositoryConfigurationDelegate : Finished Spring Data repository scanning in 3 ms. Found 0 JDBC repository interfaces.
2024-09-14T21:15:00.263+09:00  INFO 14540 --- [YedamApplication] [restartedMain] o.s.b.w.embedded.tomcat.TomcatWebServer  : Tomcat initialized with port 80 (http)
2024-09-14T21:15:00.263+09:00  INFO 14540 --- [YedamApplication] [restartedMain] o.apache.catalina.core.StandardService   : Starting service [Tomcat]
2024-09-14T21:15:00.263+09:00  INFO 14540 --- [YedamApplication] [restartedMain] o.apache.catalina.core.StandardEngine    : Starting Servlet engine: [Apache Tomcat/10.1.28]
2024-09-14T21:15:00.278+09:00  INFO 14540 --- [YedamApplication] [restartedMain] o.a.c.c.C.[Tomcat].[localhost].[/]       : Initializing Spring embedded WebApplicationContext
2024-09-14T21:15:00.278+09:00  INFO 14540 --- [YedamApplication] [restartedMain] w.s.c.ServletWebServerApplicationContext : Root WebApplicationContext: initialization completed in 421 ms
2024-09-14T21:15:00.764+09:00  INFO 14540 --- [YedamApplication] [restartedMain] o.s.b.a.e.web.EndpointLinksResolver      : Exposing 14 endpoint(s) beneath base path '/actuator'
2024-09-14T21:15:00.803+09:00  INFO 14540 --- [YedamApplication] [restartedMain] o.s.s.web.DefaultSecurityFilterChain     : Will secure any request with [org.springframework.security.web.session.DisableEncodeUrlFilter@39c2416c, org.springframework.security.web.context.request.async.WebAsyncManagerIntegrationFilter@19253357, org.springframework.security.web.context.SecurityContextHolderFilter@47e5dcad, org.springframework.security.web.header.HeaderWriterFilter@5ef296bc, org.springframework.security.web.authentication.logout.LogoutFilter@6e31beb3, org.springframework.security.web.authentication.UsernamePasswordAuthenticationFilter@4d81932d, org.springframework.security.web.authentication.ui.DefaultLoginPageGeneratingFilter@a1cc5bb, org.springframework.security.web.authentication.ui.DefaultLogoutPageGeneratingFilter@75950c64, org.springframework.security.web.savedrequest.RequestCacheAwareFilter@755ffb68, org.springframework.security.web.servletapi.SecurityContextHolderAwareRequestFilter@1fc8fdc8, org.springframework.security.web.authentication.AnonymousAuthenticationFilter@175a9289, org.springframework.security.web.access.ExceptionTranslationFilter@7188257a, org.springframework.security.web.access.intercept.AuthorizationFilter@53b6fff8]
2024-09-14T21:15:01.091+09:00  INFO 14540 --- [YedamApplication] [restartedMain] com.zaxxer.hikari.HikariDataSource       : HikariPool-13 - Starting...
2024-09-14T21:15:01.108+09:00  INFO 14540 --- [YedamApplication] [restartedMain] com.zaxxer.hikari.pool.HikariPool        : HikariPool-13 - Added connection oracle.jdbc.driver.T4CConnection@519737bc
2024-09-14T21:15:01.108+09:00  INFO 14540 --- [YedamApplication] [restartedMain] com.zaxxer.hikari.HikariDataSource       : HikariPool-13 - Start completed.
2024-09-14T21:15:01.203+09:00  INFO 14540 --- [YedamApplication] [restartedMain] o.s.b.d.a.OptionalLiveReloadServer       : LiveReload server is running on port 35729
2024-09-14T21:15:01.243+09:00  INFO 14540 --- [YedamApplication] [restartedMain] o.s.b.w.embedded.tomcat.TomcatWebServer  : Tomcat started on port 80 (http) with context path ''
2024-09-14T21:15:01.256+09:00  INFO 14540 --- [YedamApplication] [restartedMain] com.yedam.app.Boot01Application          : Started Boot01Application in 1.42 seconds (process running for 1424.063)
2024-09-14T21:15:01.259+09:00  INFO 14540 --- [YedamApplication] [restartedMain] .ConditionEvaluationDeltaLoggingListener : Condition evaluation unchanged
2024-09-14T21:15:01.262+09:00  INFO 14540 --- [YedamApplication] [http-nio-80-exec-1] o.a.c.c.C.[Tomcat].[localhost].[/]       : Initializing Spring DispatcherServlet 'dispatcherServlet'
2024-09-14T21:15:01.262+09:00  INFO 14540 --- [YedamApplication] [http-nio-80-exec-1] o.s.web.servlet.DispatcherServlet        : Initializing Servlet 'dispatcherServlet'
2024-09-14T21:15:01.264+09:00  INFO 14540 --- [YedamApplication] [http-nio-80-exec-1] o.s.web.servlet.DispatcherServlet        : Completed initialization in 2 ms
2024-09-14T21:15:01.275+09:00  INFO 14540 --- [YedamApplication] [registrationTask1] d.c.b.a.c.r.ApplicationRegistrator       : Application registered itself as 2dcc9ea3d8f0
2024-09-14T21:15:48.404+09:00  INFO 14540 --- [YedamApplication] [File Watcher] rtingClassPathChangeChangedEventListener : Restarting due to 1 class path change (0 additions, 0 deletions, 1 modification)
2024-09-14T21:15:48.511+09:00  INFO 14540 --- [YedamApplication] [Thread-346] com.zaxxer.hikari.HikariDataSource       : HikariPool-13 - Shutdown initiated...
2024-09-14T21:15:48.513+09:00  INFO 14540 --- [YedamApplication] [Thread-346] com.zaxxer.hikari.HikariDataSource       : HikariPool-13 - Shutdown completed.
2024-09-14T21:15:48.649+09:00  INFO 14540 --- [YedamApplication] [restartedMain] com.yedam.app.Boot01Application          : Starting Boot01Application using Java 17.0.9 with PID 14540 (C:\Users\Administrator\git\spring-study\boot01\target\classes started by Administrator in C:\Users\Administrator\git\spring-study\boot01)
2024-09-14T21:15:48.649+09:00  INFO 14540 --- [YedamApplication] [restartedMain] com.yedam.app.Boot01Application          : No active profile set, falling back to 1 default profile: "default"
2024-09-14T21:15:48.919+09:00  INFO 14540 --- [YedamApplication] [restartedMain] .s.d.r.c.RepositoryConfigurationDelegate : Bootstrapping Spring Data JDBC repositories in DEFAULT mode.
2024-09-14T21:15:48.923+09:00  INFO 14540 --- [YedamApplication] [restartedMain] .s.d.r.c.RepositoryConfigurationDelegate : Finished Spring Data repository scanning in 4 ms. Found 0 JDBC repository interfaces.
2024-09-14T21:15:49.084+09:00  INFO 14540 --- [YedamApplication] [restartedMain] o.s.b.w.embedded.tomcat.TomcatWebServer  : Tomcat initialized with port 80 (http)
2024-09-14T21:15:49.085+09:00  INFO 14540 --- [YedamApplication] [restartedMain] o.apache.catalina.core.StandardService   : Starting service [Tomcat]
2024-09-14T21:15:49.085+09:00  INFO 14540 --- [YedamApplication] [restartedMain] o.apache.catalina.core.StandardEngine    : Starting Servlet engine: [Apache Tomcat/10.1.28]
2024-09-14T21:15:49.101+09:00  INFO 14540 --- [YedamApplication] [restartedMain] o.a.c.c.C.[Tomcat].[localhost].[/]       : Initializing Spring embedded WebApplicationContext
2024-09-14T21:15:49.101+09:00  INFO 14540 --- [YedamApplication] [restartedMain] w.s.c.ServletWebServerApplicationContext : Root WebApplicationContext: initialization completed in 451 ms
2024-09-14T21:15:49.460+09:00  INFO 14540 --- [YedamApplication] [restartedMain] o.s.b.a.e.web.EndpointLinksResolver      : Exposing 14 endpoint(s) beneath base path '/actuator'
2024-09-14T21:15:49.491+09:00  INFO 14540 --- [YedamApplication] [restartedMain] o.s.s.web.DefaultSecurityFilterChain     : Will secure any request with [org.springframework.security.web.session.DisableEncodeUrlFilter@750d43ae, org.springframework.security.web.context.request.async.WebAsyncManagerIntegrationFilter@24a9949e, org.springframework.security.web.context.SecurityContextHolderFilter@451a7021, org.springframework.security.web.header.HeaderWriterFilter@6cb4c4f9, org.springframework.security.web.authentication.logout.LogoutFilter@6b7e789d, org.springframework.security.web.authentication.UsernamePasswordAuthenticationFilter@57bad71d, org.springframework.security.web.authentication.ui.DefaultLoginPageGeneratingFilter@4fdb48c2, org.springframework.security.web.authentication.ui.DefaultLogoutPageGeneratingFilter@617b9105, org.springframework.security.web.savedrequest.RequestCacheAwareFilter@60bb3e0a, org.springframework.security.web.servletapi.SecurityContextHolderAwareRequestFilter@5620aa61, org.springframework.security.web.authentication.AnonymousAuthenticationFilter@3c002bf4, org.springframework.security.web.access.ExceptionTranslationFilter@18c2ae8e, org.springframework.security.web.access.intercept.AuthorizationFilter@7cd2975]
2024-09-14T21:15:49.798+09:00  INFO 14540 --- [YedamApplication] [restartedMain] com.zaxxer.hikari.HikariDataSource       : HikariPool-14 - Starting...
2024-09-14T21:15:49.812+09:00  INFO 14540 --- [YedamApplication] [restartedMain] com.zaxxer.hikari.pool.HikariPool        : HikariPool-14 - Added connection oracle.jdbc.driver.T4CConnection@447f9921
2024-09-14T21:15:49.812+09:00  INFO 14540 --- [YedamApplication] [restartedMain] com.zaxxer.hikari.HikariDataSource       : HikariPool-14 - Start completed.
2024-09-14T21:15:49.867+09:00  INFO 14540 --- [YedamApplication] [restartedMain] o.s.b.d.a.OptionalLiveReloadServer       : LiveReload server is running on port 35729
2024-09-14T21:15:49.901+09:00  INFO 14540 --- [YedamApplication] [restartedMain] o.s.b.w.embedded.tomcat.TomcatWebServer  : Tomcat started on port 80 (http) with context path ''
2024-09-14T21:15:49.912+09:00  INFO 14540 --- [YedamApplication] [restartedMain] com.yedam.app.Boot01Application          : Started Boot01Application in 1.282 seconds (process running for 1472.719)
2024-09-14T21:15:49.915+09:00  INFO 14540 --- [YedamApplication] [restartedMain] .ConditionEvaluationDeltaLoggingListener : Condition evaluation unchanged
2024-09-14T21:15:49.918+09:00  INFO 14540 --- [YedamApplication] [http-nio-80-exec-1] o.a.c.c.C.[Tomcat].[localhost].[/]       : Initializing Spring DispatcherServlet 'dispatcherServlet'
2024-09-14T21:15:49.918+09:00  INFO 14540 --- [YedamApplication] [http-nio-80-exec-1] o.s.web.servlet.DispatcherServlet        : Initializing Servlet 'dispatcherServlet'
2024-09-14T21:15:49.919+09:00  INFO 14540 --- [YedamApplication] [http-nio-80-exec-1] o.s.web.servlet.DispatcherServlet        : Completed initialization in 1 ms
2024-09-14T21:15:49.926+09:00  INFO 14540 --- [YedamApplication] [registrationTask1] d.c.b.a.c.r.ApplicationRegistrator       : Application registered itself as 2dcc9ea3d8f0
2024-09-14T21:16:21.822+09:00  INFO 14540 --- [YedamApplication] [File Watcher] rtingClassPathChangeChangedEventListener : Restarting due to 1 class path change (0 additions, 0 deletions, 1 modification)
2024-09-14T21:16:21.923+09:00  INFO 14540 --- [YedamApplication] [Thread-370] com.zaxxer.hikari.HikariDataSource       : HikariPool-14 - Shutdown initiated...
2024-09-14T21:16:21.925+09:00  INFO 14540 --- [YedamApplication] [Thread-370] com.zaxxer.hikari.HikariDataSource       : HikariPool-14 - Shutdown completed.
2024-09-14T21:16:22.010+09:00  INFO 14540 --- [YedamApplication] [restartedMain] com.yedam.app.Boot01Application          : Starting Boot01Application using Java 17.0.9 with PID 14540 (C:\Users\Administrator\git\spring-study\boot01\target\classes started by Administrator in C:\Users\Administrator\git\spring-study\boot01)
2024-09-14T21:16:22.010+09:00  INFO 14540 --- [YedamApplication] [restartedMain] com.yedam.app.Boot01Application          : No active profile set, falling back to 1 default profile: "default"
2024-09-14T21:16:22.240+09:00  INFO 14540 --- [YedamApplication] [restartedMain] .s.d.r.c.RepositoryConfigurationDelegate : Bootstrapping Spring Data JDBC repositories in DEFAULT mode.
2024-09-14T21:16:22.244+09:00  INFO 14540 --- [YedamApplication] [restartedMain] .s.d.r.c.RepositoryConfigurationDelegate : Finished Spring Data repository scanning in 3 ms. Found 0 JDBC repository interfaces.
2024-09-14T21:16:22.345+09:00  INFO 14540 --- [YedamApplication] [restartedMain] o.s.b.w.embedded.tomcat.TomcatWebServer  : Tomcat initialized with port 80 (http)
2024-09-14T21:16:22.345+09:00  INFO 14540 --- [YedamApplication] [restartedMain] o.apache.catalina.core.StandardService   : Starting service [Tomcat]
2024-09-14T21:16:22.345+09:00  INFO 14540 --- [YedamApplication] [restartedMain] o.apache.catalina.core.StandardEngine    : Starting Servlet engine: [Apache Tomcat/10.1.28]
2024-09-14T21:16:22.358+09:00  INFO 14540 --- [YedamApplication] [restartedMain] o.a.c.c.C.[Tomcat].[localhost].[/]       : Initializing Spring embedded WebApplicationContext
2024-09-14T21:16:22.358+09:00  INFO 14540 --- [YedamApplication] [restartedMain] w.s.c.ServletWebServerApplicationContext : Root WebApplicationContext: initialization completed in 347 ms
2024-09-14T21:16:22.651+09:00  INFO 14540 --- [YedamApplication] [restartedMain] o.s.b.a.e.web.EndpointLinksResolver      : Exposing 14 endpoint(s) beneath base path '/actuator'
2024-09-14T21:16:22.676+09:00  INFO 14540 --- [YedamApplication] [restartedMain] o.s.s.web.DefaultSecurityFilterChain     : Will secure any request with [org.springframework.security.web.session.DisableEncodeUrlFilter@4a776eec, org.springframework.security.web.context.request.async.WebAsyncManagerIntegrationFilter@6334fc99, org.springframework.security.web.context.SecurityContextHolderFilter@7c1151dc, org.springframework.security.web.header.HeaderWriterFilter@608389b1, org.springframework.security.web.authentication.logout.LogoutFilter@1b904999, org.springframework.security.web.authentication.UsernamePasswordAuthenticationFilter@209f0aa7, org.springframework.security.web.authentication.ui.DefaultLoginPageGeneratingFilter@5ddc3ed9, org.springframework.security.web.authentication.ui.DefaultLogoutPageGeneratingFilter@614c3788, org.springframework.security.web.savedrequest.RequestCacheAwareFilter@14d1ef83, org.springframework.security.web.servletapi.SecurityContextHolderAwareRequestFilter@4a1ea9c1, org.springframework.security.web.authentication.AnonymousAuthenticationFilter@2c085bb5, org.springframework.security.web.access.ExceptionTranslationFilter@255c8ca0, org.springframework.security.web.access.intercept.AuthorizationFilter@519a569d]
2024-09-14T21:16:22.862+09:00  INFO 14540 --- [YedamApplication] [restartedMain] com.zaxxer.hikari.HikariDataSource       : HikariPool-15 - Starting...
2024-09-14T21:16:22.872+09:00  INFO 14540 --- [YedamApplication] [restartedMain] com.zaxxer.hikari.pool.HikariPool        : HikariPool-15 - Added connection oracle.jdbc.driver.T4CConnection@47003025
2024-09-14T21:16:22.872+09:00  INFO 14540 --- [YedamApplication] [restartedMain] com.zaxxer.hikari.HikariDataSource       : HikariPool-15 - Start completed.
2024-09-14T21:16:22.906+09:00  INFO 14540 --- [YedamApplication] [restartedMain] o.s.b.d.a.OptionalLiveReloadServer       : LiveReload server is running on port 35729
2024-09-14T21:16:22.930+09:00  INFO 14540 --- [YedamApplication] [restartedMain] o.s.b.w.embedded.tomcat.TomcatWebServer  : Tomcat started on port 80 (http) with context path ''
2024-09-14T21:16:22.939+09:00  INFO 14540 --- [YedamApplication] [restartedMain] com.yedam.app.Boot01Application          : Started Boot01Application in 0.946 seconds (process running for 1505.746)
2024-09-14T21:16:22.940+09:00  INFO 14540 --- [YedamApplication] [restartedMain] .ConditionEvaluationDeltaLoggingListener : Condition evaluation unchanged
2024-09-14T21:16:22.943+09:00  INFO 14540 --- [YedamApplication] [http-nio-80-exec-1] o.a.c.c.C.[Tomcat].[localhost].[/]       : Initializing Spring DispatcherServlet 'dispatcherServlet'
2024-09-14T21:16:22.943+09:00  INFO 14540 --- [YedamApplication] [http-nio-80-exec-1] o.s.web.servlet.DispatcherServlet        : Initializing Servlet 'dispatcherServlet'
2024-09-14T21:16:22.944+09:00  INFO 14540 --- [YedamApplication] [http-nio-80-exec-1] o.s.web.servlet.DispatcherServlet        : Completed initialization in 1 ms
2024-09-14T21:16:22.949+09:00  INFO 14540 --- [YedamApplication] [registrationTask1] d.c.b.a.c.r.ApplicationRegistrator       : Application registered itself as 2dcc9ea3d8f0
2024-09-14T21:16:52.852+09:00  INFO 14540 --- [YedamApplication] [File Watcher] rtingClassPathChangeChangedEventListener : Restarting due to 1 class path change (0 additions, 0 deletions, 1 modification)
2024-09-14T21:16:52.956+09:00  INFO 14540 --- [YedamApplication] [Thread-393] com.zaxxer.hikari.HikariDataSource       : HikariPool-15 - Shutdown initiated...
2024-09-14T21:16:52.958+09:00  INFO 14540 --- [YedamApplication] [Thread-393] com.zaxxer.hikari.HikariDataSource       : HikariPool-15 - Shutdown completed.
2024-09-14T21:16:53.075+09:00  INFO 14540 --- [YedamApplication] [restartedMain] com.yedam.app.Boot01Application          : Starting Boot01Application using Java 17.0.9 with PID 14540 (C:\Users\Administrator\git\spring-study\boot01\target\classes started by Administrator in C:\Users\Administrator\git\spring-study\boot01)
2024-09-14T21:16:53.075+09:00  INFO 14540 --- [YedamApplication] [restartedMain] com.yedam.app.Boot01Application          : No active profile set, falling back to 1 default profile: "default"
2024-09-14T21:16:53.276+09:00  INFO 14540 --- [YedamApplication] [restartedMain] .s.d.r.c.RepositoryConfigurationDelegate : Bootstrapping Spring Data JDBC repositories in DEFAULT mode.
2024-09-14T21:16:53.279+09:00  INFO 14540 --- [YedamApplication] [restartedMain] .s.d.r.c.RepositoryConfigurationDelegate : Finished Spring Data repository scanning in 3 ms. Found 0 JDBC repository interfaces.
2024-09-14T21:16:53.365+09:00  INFO 14540 --- [YedamApplication] [restartedMain] o.s.b.w.embedded.tomcat.TomcatWebServer  : Tomcat initialized with port 80 (http)
2024-09-14T21:16:53.365+09:00  INFO 14540 --- [YedamApplication] [restartedMain] o.apache.catalina.core.StandardService   : Starting service [Tomcat]
2024-09-14T21:16:53.365+09:00  INFO 14540 --- [YedamApplication] [restartedMain] o.apache.catalina.core.StandardEngine    : Starting Servlet engine: [Apache Tomcat/10.1.28]
2024-09-14T21:16:53.377+09:00  INFO 14540 --- [YedamApplication] [restartedMain] o.a.c.c.C.[Tomcat].[localhost].[/]       : Initializing Spring embedded WebApplicationContext
2024-09-14T21:16:53.377+09:00  INFO 14540 --- [YedamApplication] [restartedMain] w.s.c.ServletWebServerApplicationContext : Root WebApplicationContext: initialization completed in 301 ms
2024-09-14T21:16:53.640+09:00  INFO 14540 --- [YedamApplication] [restartedMain] o.s.b.a.e.web.EndpointLinksResolver      : Exposing 14 endpoint(s) beneath base path '/actuator'
2024-09-14T21:16:53.662+09:00  INFO 14540 --- [YedamApplication] [restartedMain] o.s.s.web.DefaultSecurityFilterChain     : Will secure any request with [org.springframework.security.web.session.DisableEncodeUrlFilter@57548f9c, org.springframework.security.web.context.request.async.WebAsyncManagerIntegrationFilter@587f9f41, org.springframework.security.web.context.SecurityContextHolderFilter@397eeee3, org.springframework.security.web.header.HeaderWriterFilter@65701ace, org.springframework.security.web.authentication.logout.LogoutFilter@3981434, org.springframework.security.web.authentication.UsernamePasswordAuthenticationFilter@264bee01, org.springframework.security.web.authentication.ui.DefaultLoginPageGeneratingFilter@55c21820, org.springframework.security.web.authentication.ui.DefaultLogoutPageGeneratingFilter@14d2111a, org.springframework.security.web.savedrequest.RequestCacheAwareFilter@1e23a49f, org.springframework.security.web.servletapi.SecurityContextHolderAwareRequestFilter@1d276b74, org.springframework.security.web.authentication.AnonymousAuthenticationFilter@37f2d877, org.springframework.security.web.access.ExceptionTranslationFilter@3d20bb02, org.springframework.security.web.access.intercept.AuthorizationFilter@5997a792]
2024-09-14T21:16:53.842+09:00  INFO 14540 --- [YedamApplication] [restartedMain] com.zaxxer.hikari.HikariDataSource       : HikariPool-16 - Starting...
2024-09-14T21:16:53.852+09:00  INFO 14540 --- [YedamApplication] [restartedMain] com.zaxxer.hikari.pool.HikariPool        : HikariPool-16 - Added connection oracle.jdbc.driver.T4CConnection@8783243
2024-09-14T21:16:53.852+09:00  INFO 14540 --- [YedamApplication] [restartedMain] com.zaxxer.hikari.HikariDataSource       : HikariPool-16 - Start completed.
2024-09-14T21:16:53.887+09:00  INFO 14540 --- [YedamApplication] [restartedMain] o.s.b.d.a.OptionalLiveReloadServer       : LiveReload server is running on port 35729
2024-09-14T21:16:53.909+09:00  INFO 14540 --- [YedamApplication] [restartedMain] o.s.b.w.embedded.tomcat.TomcatWebServer  : Tomcat started on port 80 (http) with context path ''
2024-09-14T21:16:53.917+09:00  INFO 14540 --- [YedamApplication] [restartedMain] com.yedam.app.Boot01Application          : Started Boot01Application in 0.855 seconds (process running for 1536.724)
2024-09-14T21:16:53.919+09:00  INFO 14540 --- [YedamApplication] [restartedMain] .ConditionEvaluationDeltaLoggingListener : Condition evaluation unchanged
2024-09-14T21:16:53.922+09:00  INFO 14540 --- [YedamApplication] [http-nio-80-exec-1] o.a.c.c.C.[Tomcat].[localhost].[/]       : Initializing Spring DispatcherServlet 'dispatcherServlet'
2024-09-14T21:16:53.922+09:00  INFO 14540 --- [YedamApplication] [http-nio-80-exec-1] o.s.web.servlet.DispatcherServlet        : Initializing Servlet 'dispatcherServlet'
2024-09-14T21:16:53.923+09:00  INFO 14540 --- [YedamApplication] [http-nio-80-exec-1] o.s.web.servlet.DispatcherServlet        : Completed initialization in 1 ms
2024-09-14T21:16:53.928+09:00  INFO 14540 --- [YedamApplication] [registrationTask1] d.c.b.a.c.r.ApplicationRegistrator       : Application registered itself as 2dcc9ea3d8f0
2024-09-14T21:18:06.048+09:00  INFO 14540 --- [YedamApplication] [http-nio-80-exec-10] com.yedam.app.aop.config.CommonAspect    : Starting loadUserByUsername in CustomerUserDetailsService
2024-09-14T21:18:06.050+09:00  INFO 14540 --- [YedamApplication] [http-nio-80-exec-10] com.yedam.app.aop.config.CommonAspect    : Finished loadUserByUsername in CustomerUserDetailsService (2ms)
2024-09-14T21:18:06.120+09:00  INFO 14540 --- [YedamApplication] [http-nio-80-exec-1] com.yedam.app.aop.config.CommonAspect    : Starting getLog in LogServiceImpl
2024-09-14T21:18:06.121+09:00  INFO 14540 --- [YedamApplication] [http-nio-80-exec-1] com.yedam.app.aop.config.CommonAspect    : Finished getLog in LogServiceImpl (1ms)
2024-09-14T21:20:59.386+09:00  INFO 14540 --- [YedamApplication] [http-nio-80-exec-10] com.yedam.app.aop.config.CommonAspect    : Starting getLog in LogServiceImpl
2024-09-14T21:20:59.386+09:00  INFO 14540 --- [YedamApplication] [http-nio-80-exec-10] com.yedam.app.aop.config.CommonAspect    : Finished getLog in LogServiceImpl (0ms)
2024-09-14T21:22:54.104+09:00  INFO 14540 --- [YedamApplication] [http-nio-80-exec-9] com.yedam.app.aop.config.CommonAspect    : Starting getLog in LogServiceImpl
2024-09-14T21:22:54.105+09:00  INFO 14540 --- [YedamApplication] [http-nio-80-exec-9] com.yedam.app.aop.config.CommonAspect    : Finished getLog in LogServiceImpl (0ms)
